#
# There is insufficient memory for the Java Runtime Environment to continue.
# Native memory allocation (malloc) failed to allocate 131456 bytes for Chunk::new
# Possible reasons:
#   The system is out of physical RAM or swap space
#   The process is running with CompressedOops enabled, and the Java Heap may be blocking the growth of the native heap
# Possible solutions:
#   Reduce memory load on the system
#   Increase physical memory or swap space
#   Check if swap backing store is full
#   Decrease Java heap size (-Xmx/-Xms)
#   Decrease number of Java threads
#   Decrease Java thread stack sizes (-Xss)
#   Set larger code cache with -XX:ReservedCodeCacheSize=
#   JVM is running with Unscaled Compressed Oops mode in which the Java heap is
#     placed in the first 4GB address space. The Java Heap base address is the
#     maximum limit for the native heap growth. Please use -XX:HeapBaseMinAddress
#     to set the Java Heap base and to place the Java Heap above 4GB virtual address.
# This output file may be truncated or incomplete.
#
#  Out of Memory Error (arena.cpp:184), pid=16164, tid=21244
#
# JRE version: OpenJDK Runtime Environment (19.0.1+10) (build 19.0.1+10-21)
# Java VM: OpenJDK 64-Bit Server VM (19.0.1+10-21, mixed mode, tiered, compressed oops, compressed class ptrs, g1 gc, windows-amd64)
# No core dump will be written. Minidumps are not enabled by default on client versions of Windows
#

---------------  S U M M A R Y ------------

Command Line: -Dorg.gradle.internal.worker.tmpdir=C:\Users\IL\IdeaProjects\exTaco1\build\tmp\test\work -Dorg.gradle.native=false -Xmx512m -Dfile.encoding=windows-1251 -Duser.country=RU -Duser.language=ru -Duser.variant -ea worker.org.gradle.process.internal.worker.GradleWorkerMain 'Gradle Test Executor 1'

Host: AMD Ryzen 5 4600H with Radeon Graphics         , 12 cores, 15G,  Windows 10 , 64 bit Build 18362 (10.0.18362.329)
Time: Thu Jan 26 22:25:14 2023 RTZ 2 (зима) elapsed time: 1.463853 seconds (0d 0h 0m 1s)

---------------  T H R E A D  ---------------

Current thread (0x000002471d693fd0):  JavaThread "C2 CompilerThread1" daemon [_thread_in_native, id=21244, stack(0x000000c4c1b00000,0x000000c4c1c00000)]


Current CompileTask:
C2:   1463 1176   !   4       java.util.zip.ZipFile::getEntry (59 bytes)

Stack: [0x000000c4c1b00000,0x000000c4c1c00000]
Native frames: (J=compiled Java code, j=interpreted, Vv=VM code, C=native code)
V  [jvm.dll+0x6ee8fa]
V  [jvm.dll+0x857a1e]
V  [jvm.dll+0x85940e]
V  [jvm.dll+0x859ac3]
V  [jvm.dll+0x28291f]
V  [jvm.dll+0xc9b5f]
V  [jvm.dll+0xc9ee5]
V  [jvm.dll+0x2f7c6f]
V  [jvm.dll+0x5f0c5b]
V  [jvm.dll+0x2551fc]
V  [jvm.dll+0x24e097]
V  [jvm.dll+0x24b563]
V  [jvm.dll+0x1d6d61]
V  [jvm.dll+0x25b0fa]
V  [jvm.dll+0x259588]
V  [jvm.dll+0x807928]
V  [jvm.dll+0x8015fa]
V  [jvm.dll+0x6ed5eb]
C  [ucrtbase.dll+0x20e72]
C  [KERNEL32.DLL+0x17bd4]
C  [ntdll.dll+0x6ced1]


---------------  P R O C E S S  ---------------

Threads class SMR info:
_java_thread_list=0x000002471e024470, length=17, elements={
0x000002477db6e3f0, 0x000002471d46d2c0, 0x000002471d46e050, 0x000002471d46f060,
0x000002471d46ffa0, 0x000002471d4aa030, 0x000002471d4aab00, 0x000002471d4abeb0,
0x000002471d4cef30, 0x000002471d4d3cd0, 0x000002471d648f30, 0x000002471d64a470,
0x000002471d693fd0, 0x000002471d64af10, 0x000002471d6499d0, 0x000002471d649f20,
0x000002471e1a0960
}

Java Threads: ( => current thread )
  0x000002477db6e3f0 JavaThread "Test worker" [_thread_in_vm, id=15464, stack(0x000000c4c0800000,0x000000c4c0900000)]
  0x000002471d46d2c0 JavaThread "Reference Handler" daemon [_thread_blocked, id=20300, stack(0x000000c4c0f00000,0x000000c4c1000000)]
  0x000002471d46e050 JavaThread "Finalizer" daemon [_thread_blocked, id=14264, stack(0x000000c4c1000000,0x000000c4c1100000)]
  0x000002471d46f060 JavaThread "Signal Dispatcher" daemon [_thread_blocked, id=21416, stack(0x000000c4c1100000,0x000000c4c1200000)]
  0x000002471d46ffa0 JavaThread "Attach Listener" daemon [_thread_blocked, id=10792, stack(0x000000c4c1200000,0x000000c4c1300000)]
  0x000002471d4aa030 JavaThread "Service Thread" daemon [_thread_blocked, id=18292, stack(0x000000c4c1300000,0x000000c4c1400000)]
  0x000002471d4aab00 JavaThread "Monitor Deflation Thread" daemon [_thread_blocked, id=6764, stack(0x000000c4c1400000,0x000000c4c1500000)]
  0x000002471d4abeb0 JavaThread "C2 CompilerThread0" daemon [_thread_blocked, id=21132, stack(0x000000c4c1500000,0x000000c4c1600000)]
  0x000002471d4cef30 JavaThread "C1 CompilerThread0" daemon [_thread_blocked, id=18960, stack(0x000000c4c1600000,0x000000c4c1700000)]
  0x000002471d4d3cd0 JavaThread "Sweeper thread" daemon [_thread_blocked, id=19988, stack(0x000000c4c1700000,0x000000c4c1800000)]
  0x000002471d648f30 JavaThread "Notification Thread" daemon [_thread_blocked, id=19216, stack(0x000000c4c1800000,0x000000c4c1900000)]
  0x000002471d64a470 JavaThread "Common-Cleaner" daemon [_thread_blocked, id=11052, stack(0x000000c4c1a00000,0x000000c4c1b00000)]
=>0x000002471d693fd0 JavaThread "C2 CompilerThread1" daemon [_thread_in_native, id=21244, stack(0x000000c4c1b00000,0x000000c4c1c00000)]
  0x000002471d64af10 JavaThread "/127.0.0.1:63178 to /127.0.0.1:63177 workers" [_thread_blocked, id=20412, stack(0x000000c4c1d00000,0x000000c4c1e00000)]
  0x000002471d6499d0 JavaThread "/127.0.0.1:63178 to /127.0.0.1:63177 workers Thread 2" [_thread_blocked, id=19232, stack(0x000000c4c1e00000,0x000000c4c1f00000)]
  0x000002471d649f20 JavaThread "/127.0.0.1:63178 to /127.0.0.1:63177 workers Thread 3" [_thread_in_native, id=15836, stack(0x000000c4c1f00000,0x000000c4c2000000)]
  0x000002471e1a0960 JavaThread "C2 CompilerThread2" daemon [_thread_blocked, id=2032, stack(0x000000c4c2000000,0x000000c4c2100000)]

Other Threads:
  0x0000024719078b70 VMThread "VM Thread" [stack: 0x000000c4c0e00000,0x000000c4c0f00000] [id=2488]
  0x000002471d64e720 WatcherThread "VM Periodic Task Thread" [stack: 0x000000c4c1900000,0x000000c4c1a00000] [id=4828]
  0x000002477dba0960 WorkerThread "GC Thread#0" [stack: 0x000000c4c0900000,0x000000c4c0a00000] [id=5988]
  0x000002477dba56d0 ConcurrentGCThread "G1 Main Marker" [stack: 0x000000c4c0a00000,0x000000c4c0b00000] [id=7056]
  0x000002477dba60b0 WorkerThread "G1 Conc#0" [stack: 0x000000c4c0b00000,0x000000c4c0c00000] [id=19792]
  0x0000024718f311f0 ConcurrentGCThread "G1 Refine#0" [stack: 0x000000c4c0c00000,0x000000c4c0d00000] [id=3460]
  0x0000024718f31b40 ConcurrentGCThread "G1 Service" [stack: 0x000000c4c0d00000,0x000000c4c0e00000] [id=3920]

Threads with active compile tasks:
C2 CompilerThread1     1482 1176   !   4       java.util.zip.ZipFile::getEntry (59 bytes)

VM state: not at safepoint (normal execution)

VM Mutex/Monitor currently owned by a thread: None

Heap address: 0x00000000e0000000, size: 512 MB, Compressed Oops mode: 32-bit

CDS archive(s) not mapped
Compressed class space mapped at: 0x0000000100000000-0x0000000140000000, reserved size: 1073741824
Narrow klass base: 0x0000000000000000, Narrow klass shift: 3, Narrow klass range: 0x140000000

GC Precious Log:
 CardTable entry size: 512
 Card Set container configuration: InlinePtr #cards 5 size 8 Array Of Cards #cards 12 size 40 Howl #buckets 4 coarsen threshold 1843 Howl Bitmap #cards 512 size 80 coarsen threshold 460 Card regions per heap region 1 cards per card region 2048
 CPUs: 12 total, 12 available
 Memory: 15741M
 Large Page Support: Disabled
 NUMA Support: Disabled
 Compressed Oops: Enabled (32-bit)
 Heap Region Size: 1M
 Heap Min Capacity: 8M
 Heap Initial Capacity: 246M
 Heap Max Capacity: 512M
 Pre-touch: Disabled
 Parallel Workers: 10
 Concurrent Workers: 3
 Concurrent Refinement Workers: 10
 Periodic GC: Disabled

Heap:
 garbage-first heap   total 251904K, used 19456K [0x00000000e0000000, 0x0000000100000000)
  region size 1024K, 21 young (21504K), 0 survivors (0K)
 Metaspace       used 14815K, committed 15040K, reserved 1114112K
  class space    used 1475K, committed 1600K, reserved 1048576K

Heap Regions: E=young(eden), S=young(survivor), O=old, HS=humongous(starts), HC=humongous(continues), CS=collection set, F=free, OA=open archive, CA=closed archive, TAMS=top-at-mark-start (previous, next)
|   0|0x00000000e0000000, 0x00000000e0000000, 0x00000000e0100000|  0%| F|  |TAMS 0x00000000e0000000, 0x00000000e0000000| Untracked 
|   1|0x00000000e0100000, 0x00000000e0100000, 0x00000000e0200000|  0%| F|  |TAMS 0x00000000e0100000, 0x00000000e0100000| Untracked 
|   2|0x00000000e0200000, 0x00000000e0200000, 0x00000000e0300000|  0%| F|  |TAMS 0x00000000e0200000, 0x00000000e0200000| Untracked 
|   3|0x00000000e0300000, 0x00000000e0300000, 0x00000000e0400000|  0%| F|  |TAMS 0x00000000e0300000, 0x00000000e0300000| Untracked 
|   4|0x00000000e0400000, 0x00000000e0400000, 0x00000000e0500000|  0%| F|  |TAMS 0x00000000e0400000, 0x00000000e0400000| Untracked 
|   5|0x00000000e0500000, 0x00000000e0500000, 0x00000000e0600000|  0%| F|  |TAMS 0x00000000e0500000, 0x00000000e0500000| Untracked 
|   6|0x00000000e0600000, 0x00000000e0600000, 0x00000000e0700000|  0%| F|  |TAMS 0x00000000e0600000, 0x00000000e0600000| Untracked 
|   7|0x00000000e0700000, 0x00000000e0700000, 0x00000000e0800000|  0%| F|  |TAMS 0x00000000e0700000, 0x00000000e0700000| Untracked 
|   8|0x00000000e0800000, 0x00000000e0800000, 0x00000000e0900000|  0%| F|  |TAMS 0x00000000e0800000, 0x00000000e0800000| Untracked 
|   9|0x00000000e0900000, 0x00000000e0900000, 0x00000000e0a00000|  0%| F|  |TAMS 0x00000000e0900000, 0x00000000e0900000| Untracked 
|  10|0x00000000e0a00000, 0x00000000e0a00000, 0x00000000e0b00000|  0%| F|  |TAMS 0x00000000e0a00000, 0x00000000e0a00000| Untracked 
|  11|0x00000000e0b00000, 0x00000000e0b00000, 0x00000000e0c00000|  0%| F|  |TAMS 0x00000000e0b00000, 0x00000000e0b00000| Untracked 
|  12|0x00000000e0c00000, 0x00000000e0c00000, 0x00000000e0d00000|  0%| F|  |TAMS 0x00000000e0c00000, 0x00000000e0c00000| Untracked 
|  13|0x00000000e0d00000, 0x00000000e0d00000, 0x00000000e0e00000|  0%| F|  |TAMS 0x00000000e0d00000, 0x00000000e0d00000| Untracked 
|  14|0x00000000e0e00000, 0x00000000e0e00000, 0x00000000e0f00000|  0%| F|  |TAMS 0x00000000e0e00000, 0x00000000e0e00000| Untracked 
|  15|0x00000000e0f00000, 0x00000000e0f00000, 0x00000000e1000000|  0%| F|  |TAMS 0x00000000e0f00000, 0x00000000e0f00000| Untracked 
|  16|0x00000000e1000000, 0x00000000e1000000, 0x00000000e1100000|  0%| F|  |TAMS 0x00000000e1000000, 0x00000000e1000000| Untracked 
|  17|0x00000000e1100000, 0x00000000e1100000, 0x00000000e1200000|  0%| F|  |TAMS 0x00000000e1100000, 0x00000000e1100000| Untracked 
|  18|0x00000000e1200000, 0x00000000e1200000, 0x00000000e1300000|  0%| F|  |TAMS 0x00000000e1200000, 0x00000000e1200000| Untracked 
|  19|0x00000000e1300000, 0x00000000e1300000, 0x00000000e1400000|  0%| F|  |TAMS 0x00000000e1300000, 0x00000000e1300000| Untracked 
|  20|0x00000000e1400000, 0x00000000e1400000, 0x00000000e1500000|  0%| F|  |TAMS 0x00000000e1400000, 0x00000000e1400000| Untracked 
|  21|0x00000000e1500000, 0x00000000e1500000, 0x00000000e1600000|  0%| F|  |TAMS 0x00000000e1500000, 0x00000000e1500000| Untracked 
|  22|0x00000000e1600000, 0x00000000e1600000, 0x00000000e1700000|  0%| F|  |TAMS 0x00000000e1600000, 0x00000000e1600000| Untracked 
|  23|0x00000000e1700000, 0x00000000e1700000, 0x00000000e1800000|  0%| F|  |TAMS 0x00000000e1700000, 0x00000000e1700000| Untracked 
|  24|0x00000000e1800000, 0x00000000e1800000, 0x00000000e1900000|  0%| F|  |TAMS 0x00000000e1800000, 0x00000000e1800000| Untracked 
|  25|0x00000000e1900000, 0x00000000e1900000, 0x00000000e1a00000|  0%| F|  |TAMS 0x00000000e1900000, 0x00000000e1900000| Untracked 
|  26|0x00000000e1a00000, 0x00000000e1a00000, 0x00000000e1b00000|  0%| F|  |TAMS 0x00000000e1a00000, 0x00000000e1a00000| Untracked 
|  27|0x00000000e1b00000, 0x00000000e1b00000, 0x00000000e1c00000|  0%| F|  |TAMS 0x00000000e1b00000, 0x00000000e1b00000| Untracked 
|  28|0x00000000e1c00000, 0x00000000e1c00000, 0x00000000e1d00000|  0%| F|  |TAMS 0x00000000e1c00000, 0x00000000e1c00000| Untracked 
|  29|0x00000000e1d00000, 0x00000000e1d00000, 0x00000000e1e00000|  0%| F|  |TAMS 0x00000000e1d00000, 0x00000000e1d00000| Untracked 
|  30|0x00000000e1e00000, 0x00000000e1e00000, 0x00000000e1f00000|  0%| F|  |TAMS 0x00000000e1e00000, 0x00000000e1e00000| Untracked 
|  31|0x00000000e1f00000, 0x00000000e1f00000, 0x00000000e2000000|  0%| F|  |TAMS 0x00000000e1f00000, 0x00000000e1f00000| Untracked 
|  32|0x00000000e2000000, 0x00000000e2000000, 0x00000000e2100000|  0%| F|  |TAMS 0x00000000e2000000, 0x00000000e2000000| Untracked 
|  33|0x00000000e2100000, 0x00000000e2100000, 0x00000000e2200000|  0%| F|  |TAMS 0x00000000e2100000, 0x00000000e2100000| Untracked 
|  34|0x00000000e2200000, 0x00000000e2200000, 0x00000000e2300000|  0%| F|  |TAMS 0x00000000e2200000, 0x00000000e2200000| Untracked 
|  35|0x00000000e2300000, 0x00000000e2300000, 0x00000000e2400000|  0%| F|  |TAMS 0x00000000e2300000, 0x00000000e2300000| Untracked 
|  36|0x00000000e2400000, 0x00000000e2400000, 0x00000000e2500000|  0%| F|  |TAMS 0x00000000e2400000, 0x00000000e2400000| Untracked 
|  37|0x00000000e2500000, 0x00000000e2500000, 0x00000000e2600000|  0%| F|  |TAMS 0x00000000e2500000, 0x00000000e2500000| Untracked 
|  38|0x00000000e2600000, 0x00000000e2600000, 0x00000000e2700000|  0%| F|  |TAMS 0x00000000e2600000, 0x00000000e2600000| Untracked 
|  39|0x00000000e2700000, 0x00000000e2700000, 0x00000000e2800000|  0%| F|  |TAMS 0x00000000e2700000, 0x00000000e2700000| Untracked 
|  40|0x00000000e2800000, 0x00000000e2800000, 0x00000000e2900000|  0%| F|  |TAMS 0x00000000e2800000, 0x00000000e2800000| Untracked 
|  41|0x00000000e2900000, 0x00000000e2900000, 0x00000000e2a00000|  0%| F|  |TAMS 0x00000000e2900000, 0x00000000e2900000| Untracked 
|  42|0x00000000e2a00000, 0x00000000e2a00000, 0x00000000e2b00000|  0%| F|  |TAMS 0x00000000e2a00000, 0x00000000e2a00000| Untracked 
|  43|0x00000000e2b00000, 0x00000000e2b00000, 0x00000000e2c00000|  0%| F|  |TAMS 0x00000000e2b00000, 0x00000000e2b00000| Untracked 
|  44|0x00000000e2c00000, 0x00000000e2c00000, 0x00000000e2d00000|  0%| F|  |TAMS 0x00000000e2c00000, 0x00000000e2c00000| Untracked 
|  45|0x00000000e2d00000, 0x00000000e2d00000, 0x00000000e2e00000|  0%| F|  |TAMS 0x00000000e2d00000, 0x00000000e2d00000| Untracked 
|  46|0x00000000e2e00000, 0x00000000e2e00000, 0x00000000e2f00000|  0%| F|  |TAMS 0x00000000e2e00000, 0x00000000e2e00000| Untracked 
|  47|0x00000000e2f00000, 0x00000000e2f00000, 0x00000000e3000000|  0%| F|  |TAMS 0x00000000e2f00000, 0x00000000e2f00000| Untracked 
|  48|0x00000000e3000000, 0x00000000e3000000, 0x00000000e3100000|  0%| F|  |TAMS 0x00000000e3000000, 0x00000000e3000000| Untracked 
|  49|0x00000000e3100000, 0x00000000e3100000, 0x00000000e3200000|  0%| F|  |TAMS 0x00000000e3100000, 0x00000000e3100000| Untracked 
|  50|0x00000000e3200000, 0x00000000e3200000, 0x00000000e3300000|  0%| F|  |TAMS 0x00000000e3200000, 0x00000000e3200000| Untracked 
|  51|0x00000000e3300000, 0x00000000e3300000, 0x00000000e3400000|  0%| F|  |TAMS 0x00000000e3300000, 0x00000000e3300000| Untracked 
|  52|0x00000000e3400000, 0x00000000e3400000, 0x00000000e3500000|  0%| F|  |TAMS 0x00000000e3400000, 0x00000000e3400000| Untracked 
|  53|0x00000000e3500000, 0x00000000e3500000, 0x00000000e3600000|  0%| F|  |TAMS 0x00000000e3500000, 0x00000000e3500000| Untracked 
|  54|0x00000000e3600000, 0x00000000e3600000, 0x00000000e3700000|  0%| F|  |TAMS 0x00000000e3600000, 0x00000000e3600000| Untracked 
|  55|0x00000000e3700000, 0x00000000e3700000, 0x00000000e3800000|  0%| F|  |TAMS 0x00000000e3700000, 0x00000000e3700000| Untracked 
|  56|0x00000000e3800000, 0x00000000e3800000, 0x00000000e3900000|  0%| F|  |TAMS 0x00000000e3800000, 0x00000000e3800000| Untracked 
|  57|0x00000000e3900000, 0x00000000e3900000, 0x00000000e3a00000|  0%| F|  |TAMS 0x00000000e3900000, 0x00000000e3900000| Untracked 
|  58|0x00000000e3a00000, 0x00000000e3a00000, 0x00000000e3b00000|  0%| F|  |TAMS 0x00000000e3a00000, 0x00000000e3a00000| Untracked 
|  59|0x00000000e3b00000, 0x00000000e3b00000, 0x00000000e3c00000|  0%| F|  |TAMS 0x00000000e3b00000, 0x00000000e3b00000| Untracked 
|  60|0x00000000e3c00000, 0x00000000e3c00000, 0x00000000e3d00000|  0%| F|  |TAMS 0x00000000e3c00000, 0x00000000e3c00000| Untracked 
|  61|0x00000000e3d00000, 0x00000000e3d00000, 0x00000000e3e00000|  0%| F|  |TAMS 0x00000000e3d00000, 0x00000000e3d00000| Untracked 
|  62|0x00000000e3e00000, 0x00000000e3e00000, 0x00000000e3f00000|  0%| F|  |TAMS 0x00000000e3e00000, 0x00000000e3e00000| Untracked 
|  63|0x00000000e3f00000, 0x00000000e3f00000, 0x00000000e4000000|  0%| F|  |TAMS 0x00000000e3f00000, 0x00000000e3f00000| Untracked 
|  64|0x00000000e4000000, 0x00000000e4000000, 0x00000000e4100000|  0%| F|  |TAMS 0x00000000e4000000, 0x00000000e4000000| Untracked 
|  65|0x00000000e4100000, 0x00000000e4100000, 0x00000000e4200000|  0%| F|  |TAMS 0x00000000e4100000, 0x00000000e4100000| Untracked 
|  66|0x00000000e4200000, 0x00000000e4200000, 0x00000000e4300000|  0%| F|  |TAMS 0x00000000e4200000, 0x00000000e4200000| Untracked 
|  67|0x00000000e4300000, 0x00000000e4300000, 0x00000000e4400000|  0%| F|  |TAMS 0x00000000e4300000, 0x00000000e4300000| Untracked 
|  68|0x00000000e4400000, 0x00000000e4400000, 0x00000000e4500000|  0%| F|  |TAMS 0x00000000e4400000, 0x00000000e4400000| Untracked 
|  69|0x00000000e4500000, 0x00000000e4500000, 0x00000000e4600000|  0%| F|  |TAMS 0x00000000e4500000, 0x00000000e4500000| Untracked 
|  70|0x00000000e4600000, 0x00000000e4600000, 0x00000000e4700000|  0%| F|  |TAMS 0x00000000e4600000, 0x00000000e4600000| Untracked 
|  71|0x00000000e4700000, 0x00000000e4700000, 0x00000000e4800000|  0%| F|  |TAMS 0x00000000e4700000, 0x00000000e4700000| Untracked 
|  72|0x00000000e4800000, 0x00000000e4800000, 0x00000000e4900000|  0%| F|  |TAMS 0x00000000e4800000, 0x00000000e4800000| Untracked 
|  73|0x00000000e4900000, 0x00000000e4900000, 0x00000000e4a00000|  0%| F|  |TAMS 0x00000000e4900000, 0x00000000e4900000| Untracked 
|  74|0x00000000e4a00000, 0x00000000e4a00000, 0x00000000e4b00000|  0%| F|  |TAMS 0x00000000e4a00000, 0x00000000e4a00000| Untracked 
|  75|0x00000000e4b00000, 0x00000000e4b00000, 0x00000000e4c00000|  0%| F|  |TAMS 0x00000000e4b00000, 0x00000000e4b00000| Untracked 
|  76|0x00000000e4c00000, 0x00000000e4c00000, 0x00000000e4d00000|  0%| F|  |TAMS 0x00000000e4c00000, 0x00000000e4c00000| Untracked 
|  77|0x00000000e4d00000, 0x00000000e4d00000, 0x00000000e4e00000|  0%| F|  |TAMS 0x00000000e4d00000, 0x00000000e4d00000| Untracked 
|  78|0x00000000e4e00000, 0x00000000e4e00000, 0x00000000e4f00000|  0%| F|  |TAMS 0x00000000e4e00000, 0x00000000e4e00000| Untracked 
|  79|0x00000000e4f00000, 0x00000000e4f00000, 0x00000000e5000000|  0%| F|  |TAMS 0x00000000e4f00000, 0x00000000e4f00000| Untracked 
|  80|0x00000000e5000000, 0x00000000e5000000, 0x00000000e5100000|  0%| F|  |TAMS 0x00000000e5000000, 0x00000000e5000000| Untracked 
|  81|0x00000000e5100000, 0x00000000e5100000, 0x00000000e5200000|  0%| F|  |TAMS 0x00000000e5100000, 0x00000000e5100000| Untracked 
|  82|0x00000000e5200000, 0x00000000e5200000, 0x00000000e5300000|  0%| F|  |TAMS 0x00000000e5200000, 0x00000000e5200000| Untracked 
|  83|0x00000000e5300000, 0x00000000e5300000, 0x00000000e5400000|  0%| F|  |TAMS 0x00000000e5300000, 0x00000000e5300000| Untracked 
|  84|0x00000000e5400000, 0x00000000e5400000, 0x00000000e5500000|  0%| F|  |TAMS 0x00000000e5400000, 0x00000000e5400000| Untracked 
|  85|0x00000000e5500000, 0x00000000e5500000, 0x00000000e5600000|  0%| F|  |TAMS 0x00000000e5500000, 0x00000000e5500000| Untracked 
|  86|0x00000000e5600000, 0x00000000e5600000, 0x00000000e5700000|  0%| F|  |TAMS 0x00000000e5600000, 0x00000000e5600000| Untracked 
|  87|0x00000000e5700000, 0x00000000e5700000, 0x00000000e5800000|  0%| F|  |TAMS 0x00000000e5700000, 0x00000000e5700000| Untracked 
|  88|0x00000000e5800000, 0x00000000e5800000, 0x00000000e5900000|  0%| F|  |TAMS 0x00000000e5800000, 0x00000000e5800000| Untracked 
|  89|0x00000000e5900000, 0x00000000e5900000, 0x00000000e5a00000|  0%| F|  |TAMS 0x00000000e5900000, 0x00000000e5900000| Untracked 
|  90|0x00000000e5a00000, 0x00000000e5a00000, 0x00000000e5b00000|  0%| F|  |TAMS 0x00000000e5a00000, 0x00000000e5a00000| Untracked 
|  91|0x00000000e5b00000, 0x00000000e5b00000, 0x00000000e5c00000|  0%| F|  |TAMS 0x00000000e5b00000, 0x00000000e5b00000| Untracked 
|  92|0x00000000e5c00000, 0x00000000e5c00000, 0x00000000e5d00000|  0%| F|  |TAMS 0x00000000e5c00000, 0x00000000e5c00000| Untracked 
|  93|0x00000000e5d00000, 0x00000000e5d00000, 0x00000000e5e00000|  0%| F|  |TAMS 0x00000000e5d00000, 0x00000000e5d00000| Untracked 
|  94|0x00000000e5e00000, 0x00000000e5e00000, 0x00000000e5f00000|  0%| F|  |TAMS 0x00000000e5e00000, 0x00000000e5e00000| Untracked 
|  95|0x00000000e5f00000, 0x00000000e5f00000, 0x00000000e6000000|  0%| F|  |TAMS 0x00000000e5f00000, 0x00000000e5f00000| Untracked 
|  96|0x00000000e6000000, 0x00000000e6000000, 0x00000000e6100000|  0%| F|  |TAMS 0x00000000e6000000, 0x00000000e6000000| Untracked 
|  97|0x00000000e6100000, 0x00000000e6100000, 0x00000000e6200000|  0%| F|  |TAMS 0x00000000e6100000, 0x00000000e6100000| Untracked 
|  98|0x00000000e6200000, 0x00000000e6200000, 0x00000000e6300000|  0%| F|  |TAMS 0x00000000e6200000, 0x00000000e6200000| Untracked 
|  99|0x00000000e6300000, 0x00000000e6300000, 0x00000000e6400000|  0%| F|  |TAMS 0x00000000e6300000, 0x00000000e6300000| Untracked 
| 100|0x00000000e6400000, 0x00000000e6400000, 0x00000000e6500000|  0%| F|  |TAMS 0x00000000e6400000, 0x00000000e6400000| Untracked 
| 101|0x00000000e6500000, 0x00000000e6500000, 0x00000000e6600000|  0%| F|  |TAMS 0x00000000e6500000, 0x00000000e6500000| Untracked 
| 102|0x00000000e6600000, 0x00000000e6600000, 0x00000000e6700000|  0%| F|  |TAMS 0x00000000e6600000, 0x00000000e6600000| Untracked 
| 103|0x00000000e6700000, 0x00000000e6700000, 0x00000000e6800000|  0%| F|  |TAMS 0x00000000e6700000, 0x00000000e6700000| Untracked 
| 104|0x00000000e6800000, 0x00000000e6800000, 0x00000000e6900000|  0%| F|  |TAMS 0x00000000e6800000, 0x00000000e6800000| Untracked 
| 105|0x00000000e6900000, 0x00000000e6900000, 0x00000000e6a00000|  0%| F|  |TAMS 0x00000000e6900000, 0x00000000e6900000| Untracked 
| 106|0x00000000e6a00000, 0x00000000e6a00000, 0x00000000e6b00000|  0%| F|  |TAMS 0x00000000e6a00000, 0x00000000e6a00000| Untracked 
| 107|0x00000000e6b00000, 0x00000000e6b00000, 0x00000000e6c00000|  0%| F|  |TAMS 0x00000000e6b00000, 0x00000000e6b00000| Untracked 
| 108|0x00000000e6c00000, 0x00000000e6c00000, 0x00000000e6d00000|  0%| F|  |TAMS 0x00000000e6c00000, 0x00000000e6c00000| Untracked 
| 109|0x00000000e6d00000, 0x00000000e6d00000, 0x00000000e6e00000|  0%| F|  |TAMS 0x00000000e6d00000, 0x00000000e6d00000| Untracked 
| 110|0x00000000e6e00000, 0x00000000e6e00000, 0x00000000e6f00000|  0%| F|  |TAMS 0x00000000e6e00000, 0x00000000e6e00000| Untracked 
| 111|0x00000000e6f00000, 0x00000000e6f00000, 0x00000000e7000000|  0%| F|  |TAMS 0x00000000e6f00000, 0x00000000e6f00000| Untracked 
| 112|0x00000000e7000000, 0x00000000e7000000, 0x00000000e7100000|  0%| F|  |TAMS 0x00000000e7000000, 0x00000000e7000000| Untracked 
| 113|0x00000000e7100000, 0x00000000e7100000, 0x00000000e7200000|  0%| F|  |TAMS 0x00000000e7100000, 0x00000000e7100000| Untracked 
| 114|0x00000000e7200000, 0x00000000e7200000, 0x00000000e7300000|  0%| F|  |TAMS 0x00000000e7200000, 0x00000000e7200000| Untracked 
| 115|0x00000000e7300000, 0x00000000e7300000, 0x00000000e7400000|  0%| F|  |TAMS 0x00000000e7300000, 0x00000000e7300000| Untracked 
| 116|0x00000000e7400000, 0x00000000e7400000, 0x00000000e7500000|  0%| F|  |TAMS 0x00000000e7400000, 0x00000000e7400000| Untracked 
| 117|0x00000000e7500000, 0x00000000e7500000, 0x00000000e7600000|  0%| F|  |TAMS 0x00000000e7500000, 0x00000000e7500000| Untracked 
| 118|0x00000000e7600000, 0x00000000e7600000, 0x00000000e7700000|  0%| F|  |TAMS 0x00000000e7600000, 0x00000000e7600000| Untracked 
| 119|0x00000000e7700000, 0x00000000e7700000, 0x00000000e7800000|  0%| F|  |TAMS 0x00000000e7700000, 0x00000000e7700000| Untracked 
| 120|0x00000000e7800000, 0x00000000e7800000, 0x00000000e7900000|  0%| F|  |TAMS 0x00000000e7800000, 0x00000000e7800000| Untracked 
| 121|0x00000000e7900000, 0x00000000e7900000, 0x00000000e7a00000|  0%| F|  |TAMS 0x00000000e7900000, 0x00000000e7900000| Untracked 
| 122|0x00000000e7a00000, 0x00000000e7a00000, 0x00000000e7b00000|  0%| F|  |TAMS 0x00000000e7a00000, 0x00000000e7a00000| Untracked 
| 123|0x00000000e7b00000, 0x00000000e7b00000, 0x00000000e7c00000|  0%| F|  |TAMS 0x00000000e7b00000, 0x00000000e7b00000| Untracked 
| 124|0x00000000e7c00000, 0x00000000e7c00000, 0x00000000e7d00000|  0%| F|  |TAMS 0x00000000e7c00000, 0x00000000e7c00000| Untracked 
| 125|0x00000000e7d00000, 0x00000000e7d00000, 0x00000000e7e00000|  0%| F|  |TAMS 0x00000000e7d00000, 0x00000000e7d00000| Untracked 
| 126|0x00000000e7e00000, 0x00000000e7e00000, 0x00000000e7f00000|  0%| F|  |TAMS 0x00000000e7e00000, 0x00000000e7e00000| Untracked 
| 127|0x00000000e7f00000, 0x00000000e7f00000, 0x00000000e8000000|  0%| F|  |TAMS 0x00000000e7f00000, 0x00000000e7f00000| Untracked 
| 128|0x00000000e8000000, 0x00000000e8000000, 0x00000000e8100000|  0%| F|  |TAMS 0x00000000e8000000, 0x00000000e8000000| Untracked 
| 129|0x00000000e8100000, 0x00000000e8100000, 0x00000000e8200000|  0%| F|  |TAMS 0x00000000e8100000, 0x00000000e8100000| Untracked 
| 130|0x00000000e8200000, 0x00000000e8200000, 0x00000000e8300000|  0%| F|  |TAMS 0x00000000e8200000, 0x00000000e8200000| Untracked 
| 131|0x00000000e8300000, 0x00000000e8300000, 0x00000000e8400000|  0%| F|  |TAMS 0x00000000e8300000, 0x00000000e8300000| Untracked 
| 132|0x00000000e8400000, 0x00000000e8400000, 0x00000000e8500000|  0%| F|  |TAMS 0x00000000e8400000, 0x00000000e8400000| Untracked 
| 133|0x00000000e8500000, 0x00000000e8500000, 0x00000000e8600000|  0%| F|  |TAMS 0x00000000e8500000, 0x00000000e8500000| Untracked 
| 134|0x00000000e8600000, 0x00000000e8600000, 0x00000000e8700000|  0%| F|  |TAMS 0x00000000e8600000, 0x00000000e8600000| Untracked 
| 135|0x00000000e8700000, 0x00000000e8700000, 0x00000000e8800000|  0%| F|  |TAMS 0x00000000e8700000, 0x00000000e8700000| Untracked 
| 136|0x00000000e8800000, 0x00000000e8800000, 0x00000000e8900000|  0%| F|  |TAMS 0x00000000e8800000, 0x00000000e8800000| Untracked 
| 137|0x00000000e8900000, 0x00000000e8900000, 0x00000000e8a00000|  0%| F|  |TAMS 0x00000000e8900000, 0x00000000e8900000| Untracked 
| 138|0x00000000e8a00000, 0x00000000e8a00000, 0x00000000e8b00000|  0%| F|  |TAMS 0x00000000e8a00000, 0x00000000e8a00000| Untracked 
| 139|0x00000000e8b00000, 0x00000000e8b00000, 0x00000000e8c00000|  0%| F|  |TAMS 0x00000000e8b00000, 0x00000000e8b00000| Untracked 
| 140|0x00000000e8c00000, 0x00000000e8c00000, 0x00000000e8d00000|  0%| F|  |TAMS 0x00000000e8c00000, 0x00000000e8c00000| Untracked 
| 141|0x00000000e8d00000, 0x00000000e8d00000, 0x00000000e8e00000|  0%| F|  |TAMS 0x00000000e8d00000, 0x00000000e8d00000| Untracked 
| 142|0x00000000e8e00000, 0x00000000e8e00000, 0x00000000e8f00000|  0%| F|  |TAMS 0x00000000e8e00000, 0x00000000e8e00000| Untracked 
| 143|0x00000000e8f00000, 0x00000000e8f00000, 0x00000000e9000000|  0%| F|  |TAMS 0x00000000e8f00000, 0x00000000e8f00000| Untracked 
| 144|0x00000000e9000000, 0x00000000e9000000, 0x00000000e9100000|  0%| F|  |TAMS 0x00000000e9000000, 0x00000000e9000000| Untracked 
| 145|0x00000000e9100000, 0x00000000e9100000, 0x00000000e9200000|  0%| F|  |TAMS 0x00000000e9100000, 0x00000000e9100000| Untracked 
| 146|0x00000000e9200000, 0x00000000e9200000, 0x00000000e9300000|  0%| F|  |TAMS 0x00000000e9200000, 0x00000000e9200000| Untracked 
| 147|0x00000000e9300000, 0x00000000e9300000, 0x00000000e9400000|  0%| F|  |TAMS 0x00000000e9300000, 0x00000000e9300000| Untracked 
| 148|0x00000000e9400000, 0x00000000e9400000, 0x00000000e9500000|  0%| F|  |TAMS 0x00000000e9400000, 0x00000000e9400000| Untracked 
| 149|0x00000000e9500000, 0x00000000e9500000, 0x00000000e9600000|  0%| F|  |TAMS 0x00000000e9500000, 0x00000000e9500000| Untracked 
| 150|0x00000000e9600000, 0x00000000e9600000, 0x00000000e9700000|  0%| F|  |TAMS 0x00000000e9600000, 0x00000000e9600000| Untracked 
| 151|0x00000000e9700000, 0x00000000e9700000, 0x00000000e9800000|  0%| F|  |TAMS 0x00000000e9700000, 0x00000000e9700000| Untracked 
| 152|0x00000000e9800000, 0x00000000e9800000, 0x00000000e9900000|  0%| F|  |TAMS 0x00000000e9800000, 0x00000000e9800000| Untracked 
| 153|0x00000000e9900000, 0x00000000e9900000, 0x00000000e9a00000|  0%| F|  |TAMS 0x00000000e9900000, 0x00000000e9900000| Untracked 
| 154|0x00000000e9a00000, 0x00000000e9a00000, 0x00000000e9b00000|  0%| F|  |TAMS 0x00000000e9a00000, 0x00000000e9a00000| Untracked 
| 155|0x00000000e9b00000, 0x00000000e9b00000, 0x00000000e9c00000|  0%| F|  |TAMS 0x00000000e9b00000, 0x00000000e9b00000| Untracked 
| 156|0x00000000e9c00000, 0x00000000e9c00000, 0x00000000e9d00000|  0%| F|  |TAMS 0x00000000e9c00000, 0x00000000e9c00000| Untracked 
| 157|0x00000000e9d00000, 0x00000000e9d00000, 0x00000000e9e00000|  0%| F|  |TAMS 0x00000000e9d00000, 0x00000000e9d00000| Untracked 
| 158|0x00000000e9e00000, 0x00000000e9e00000, 0x00000000e9f00000|  0%| F|  |TAMS 0x00000000e9e00000, 0x00000000e9e00000| Untracked 
| 159|0x00000000e9f00000, 0x00000000e9f00000, 0x00000000ea000000|  0%| F|  |TAMS 0x00000000e9f00000, 0x00000000e9f00000| Untracked 
| 160|0x00000000ea000000, 0x00000000ea000000, 0x00000000ea100000|  0%| F|  |TAMS 0x00000000ea000000, 0x00000000ea000000| Untracked 
| 161|0x00000000ea100000, 0x00000000ea100000, 0x00000000ea200000|  0%| F|  |TAMS 0x00000000ea100000, 0x00000000ea100000| Untracked 
| 162|0x00000000ea200000, 0x00000000ea200000, 0x00000000ea300000|  0%| F|  |TAMS 0x00000000ea200000, 0x00000000ea200000| Untracked 
| 163|0x00000000ea300000, 0x00000000ea300000, 0x00000000ea400000|  0%| F|  |TAMS 0x00000000ea300000, 0x00000000ea300000| Untracked 
| 164|0x00000000ea400000, 0x00000000ea400000, 0x00000000ea500000|  0%| F|  |TAMS 0x00000000ea400000, 0x00000000ea400000| Untracked 
| 165|0x00000000ea500000, 0x00000000ea500000, 0x00000000ea600000|  0%| F|  |TAMS 0x00000000ea500000, 0x00000000ea500000| Untracked 
| 166|0x00000000ea600000, 0x00000000ea600000, 0x00000000ea700000|  0%| F|  |TAMS 0x00000000ea600000, 0x00000000ea600000| Untracked 
| 167|0x00000000ea700000, 0x00000000ea700000, 0x00000000ea800000|  0%| F|  |TAMS 0x00000000ea700000, 0x00000000ea700000| Untracked 
| 168|0x00000000ea800000, 0x00000000ea800000, 0x00000000ea900000|  0%| F|  |TAMS 0x00000000ea800000, 0x00000000ea800000| Untracked 
| 169|0x00000000ea900000, 0x00000000ea900000, 0x00000000eaa00000|  0%| F|  |TAMS 0x00000000ea900000, 0x00000000ea900000| Untracked 
| 170|0x00000000eaa00000, 0x00000000eaa00000, 0x00000000eab00000|  0%| F|  |TAMS 0x00000000eaa00000, 0x00000000eaa00000| Untracked 
| 171|0x00000000eab00000, 0x00000000eab00000, 0x00000000eac00000|  0%| F|  |TAMS 0x00000000eab00000, 0x00000000eab00000| Untracked 
| 172|0x00000000eac00000, 0x00000000eac00000, 0x00000000ead00000|  0%| F|  |TAMS 0x00000000eac00000, 0x00000000eac00000| Untracked 
| 173|0x00000000ead00000, 0x00000000ead00000, 0x00000000eae00000|  0%| F|  |TAMS 0x00000000ead00000, 0x00000000ead00000| Untracked 
| 174|0x00000000eae00000, 0x00000000eae00000, 0x00000000eaf00000|  0%| F|  |TAMS 0x00000000eae00000, 0x00000000eae00000| Untracked 
| 175|0x00000000eaf00000, 0x00000000eaf00000, 0x00000000eb000000|  0%| F|  |TAMS 0x00000000eaf00000, 0x00000000eaf00000| Untracked 
| 176|0x00000000eb000000, 0x00000000eb000000, 0x00000000eb100000|  0%| F|  |TAMS 0x00000000eb000000, 0x00000000eb000000| Untracked 
| 177|0x00000000eb100000, 0x00000000eb100000, 0x00000000eb200000|  0%| F|  |TAMS 0x00000000eb100000, 0x00000000eb100000| Untracked 
| 178|0x00000000eb200000, 0x00000000eb200000, 0x00000000eb300000|  0%| F|  |TAMS 0x00000000eb200000, 0x00000000eb200000| Untracked 
| 179|0x00000000eb300000, 0x00000000eb300000, 0x00000000eb400000|  0%| F|  |TAMS 0x00000000eb300000, 0x00000000eb300000| Untracked 
| 180|0x00000000eb400000, 0x00000000eb400000, 0x00000000eb500000|  0%| F|  |TAMS 0x00000000eb400000, 0x00000000eb400000| Untracked 
| 181|0x00000000eb500000, 0x00000000eb500000, 0x00000000eb600000|  0%| F|  |TAMS 0x00000000eb500000, 0x00000000eb500000| Untracked 
| 182|0x00000000eb600000, 0x00000000eb600000, 0x00000000eb700000|  0%| F|  |TAMS 0x00000000eb600000, 0x00000000eb600000| Untracked 
| 183|0x00000000eb700000, 0x00000000eb700000, 0x00000000eb800000|  0%| F|  |TAMS 0x00000000eb700000, 0x00000000eb700000| Untracked 
| 184|0x00000000eb800000, 0x00000000eb800000, 0x00000000eb900000|  0%| F|  |TAMS 0x00000000eb800000, 0x00000000eb800000| Untracked 
| 185|0x00000000eb900000, 0x00000000eb900000, 0x00000000eba00000|  0%| F|  |TAMS 0x00000000eb900000, 0x00000000eb900000| Untracked 
| 186|0x00000000eba00000, 0x00000000eba00000, 0x00000000ebb00000|  0%| F|  |TAMS 0x00000000eba00000, 0x00000000eba00000| Untracked 
| 187|0x00000000ebb00000, 0x00000000ebb00000, 0x00000000ebc00000|  0%| F|  |TAMS 0x00000000ebb00000, 0x00000000ebb00000| Untracked 
| 188|0x00000000ebc00000, 0x00000000ebc00000, 0x00000000ebd00000|  0%| F|  |TAMS 0x00000000ebc00000, 0x00000000ebc00000| Untracked 
| 189|0x00000000ebd00000, 0x00000000ebd00000, 0x00000000ebe00000|  0%| F|  |TAMS 0x00000000ebd00000, 0x00000000ebd00000| Untracked 
| 190|0x00000000ebe00000, 0x00000000ebe00000, 0x00000000ebf00000|  0%| F|  |TAMS 0x00000000ebe00000, 0x00000000ebe00000| Untracked 
| 191|0x00000000ebf00000, 0x00000000ebf00000, 0x00000000ec000000|  0%| F|  |TAMS 0x00000000ebf00000, 0x00000000ebf00000| Untracked 
| 192|0x00000000ec000000, 0x00000000ec000000, 0x00000000ec100000|  0%| F|  |TAMS 0x00000000ec000000, 0x00000000ec000000| Untracked 
| 193|0x00000000ec100000, 0x00000000ec100000, 0x00000000ec200000|  0%| F|  |TAMS 0x00000000ec100000, 0x00000000ec100000| Untracked 
| 194|0x00000000ec200000, 0x00000000ec200000, 0x00000000ec300000|  0%| F|  |TAMS 0x00000000ec200000, 0x00000000ec200000| Untracked 
| 195|0x00000000ec300000, 0x00000000ec300000, 0x00000000ec400000|  0%| F|  |TAMS 0x00000000ec300000, 0x00000000ec300000| Untracked 
| 196|0x00000000ec400000, 0x00000000ec400000, 0x00000000ec500000|  0%| F|  |TAMS 0x00000000ec400000, 0x00000000ec400000| Untracked 
| 197|0x00000000ec500000, 0x00000000ec500000, 0x00000000ec600000|  0%| F|  |TAMS 0x00000000ec500000, 0x00000000ec500000| Untracked 
| 198|0x00000000ec600000, 0x00000000ec600000, 0x00000000ec700000|  0%| F|  |TAMS 0x00000000ec600000, 0x00000000ec600000| Untracked 
| 199|0x00000000ec700000, 0x00000000ec700000, 0x00000000ec800000|  0%| F|  |TAMS 0x00000000ec700000, 0x00000000ec700000| Untracked 
| 200|0x00000000ec800000, 0x00000000ec800000, 0x00000000ec900000|  0%| F|  |TAMS 0x00000000ec800000, 0x00000000ec800000| Untracked 
| 201|0x00000000ec900000, 0x00000000ec900000, 0x00000000eca00000|  0%| F|  |TAMS 0x00000000ec900000, 0x00000000ec900000| Untracked 
| 202|0x00000000eca00000, 0x00000000eca00000, 0x00000000ecb00000|  0%| F|  |TAMS 0x00000000eca00000, 0x00000000eca00000| Untracked 
| 203|0x00000000ecb00000, 0x00000000ecb00000, 0x00000000ecc00000|  0%| F|  |TAMS 0x00000000ecb00000, 0x00000000ecb00000| Untracked 
| 204|0x00000000ecc00000, 0x00000000ecc00000, 0x00000000ecd00000|  0%| F|  |TAMS 0x00000000ecc00000, 0x00000000ecc00000| Untracked 
| 205|0x00000000ecd00000, 0x00000000ecd00000, 0x00000000ece00000|  0%| F|  |TAMS 0x00000000ecd00000, 0x00000000ecd00000| Untracked 
| 206|0x00000000ece00000, 0x00000000ece00000, 0x00000000ecf00000|  0%| F|  |TAMS 0x00000000ece00000, 0x00000000ece00000| Untracked 
| 207|0x00000000ecf00000, 0x00000000ecf00000, 0x00000000ed000000|  0%| F|  |TAMS 0x00000000ecf00000, 0x00000000ecf00000| Untracked 
| 208|0x00000000ed000000, 0x00000000ed000000, 0x00000000ed100000|  0%| F|  |TAMS 0x00000000ed000000, 0x00000000ed000000| Untracked 
| 209|0x00000000ed100000, 0x00000000ed100000, 0x00000000ed200000|  0%| F|  |TAMS 0x00000000ed100000, 0x00000000ed100000| Untracked 
| 210|0x00000000ed200000, 0x00000000ed200000, 0x00000000ed300000|  0%| F|  |TAMS 0x00000000ed200000, 0x00000000ed200000| Untracked 
| 211|0x00000000ed300000, 0x00000000ed300000, 0x00000000ed400000|  0%| F|  |TAMS 0x00000000ed300000, 0x00000000ed300000| Untracked 
| 212|0x00000000ed400000, 0x00000000ed400000, 0x00000000ed500000|  0%| F|  |TAMS 0x00000000ed400000, 0x00000000ed400000| Untracked 
| 213|0x00000000ed500000, 0x00000000ed500000, 0x00000000ed600000|  0%| F|  |TAMS 0x00000000ed500000, 0x00000000ed500000| Untracked 
| 214|0x00000000ed600000, 0x00000000ed600000, 0x00000000ed700000|  0%| F|  |TAMS 0x00000000ed600000, 0x00000000ed600000| Untracked 
| 215|0x00000000ed700000, 0x00000000ed700000, 0x00000000ed800000|  0%| F|  |TAMS 0x00000000ed700000, 0x00000000ed700000| Untracked 
| 216|0x00000000ed800000, 0x00000000ed800000, 0x00000000ed900000|  0%| F|  |TAMS 0x00000000ed800000, 0x00000000ed800000| Untracked 
| 217|0x00000000ed900000, 0x00000000ed900000, 0x00000000eda00000|  0%| F|  |TAMS 0x00000000ed900000, 0x00000000ed900000| Untracked 
| 218|0x00000000eda00000, 0x00000000eda00000, 0x00000000edb00000|  0%| F|  |TAMS 0x00000000eda00000, 0x00000000eda00000| Untracked 
| 219|0x00000000edb00000, 0x00000000edb00000, 0x00000000edc00000|  0%| F|  |TAMS 0x00000000edb00000, 0x00000000edb00000| Untracked 
| 220|0x00000000edc00000, 0x00000000edc00000, 0x00000000edd00000|  0%| F|  |TAMS 0x00000000edc00000, 0x00000000edc00000| Untracked 
| 221|0x00000000edd00000, 0x00000000edd00000, 0x00000000ede00000|  0%| F|  |TAMS 0x00000000edd00000, 0x00000000edd00000| Untracked 
| 222|0x00000000ede00000, 0x00000000ede00000, 0x00000000edf00000|  0%| F|  |TAMS 0x00000000ede00000, 0x00000000ede00000| Untracked 
| 223|0x00000000edf00000, 0x00000000edf00000, 0x00000000ee000000|  0%| F|  |TAMS 0x00000000edf00000, 0x00000000edf00000| Untracked 
| 224|0x00000000ee000000, 0x00000000ee000000, 0x00000000ee100000|  0%| F|  |TAMS 0x00000000ee000000, 0x00000000ee000000| Untracked 
| 225|0x00000000ee100000, 0x00000000ee1768b8, 0x00000000ee200000| 46%| E|  |TAMS 0x00000000ee100000, 0x00000000ee100000| Complete 
| 226|0x00000000ee200000, 0x00000000ee300000, 0x00000000ee300000|100%| E|CS|TAMS 0x00000000ee200000, 0x00000000ee200000| Complete 
| 227|0x00000000ee300000, 0x00000000ee400000, 0x00000000ee400000|100%| E|CS|TAMS 0x00000000ee300000, 0x00000000ee300000| Complete 
| 228|0x00000000ee400000, 0x00000000ee500000, 0x00000000ee500000|100%| E|CS|TAMS 0x00000000ee400000, 0x00000000ee400000| Complete 
| 229|0x00000000ee500000, 0x00000000ee600000, 0x00000000ee600000|100%| E|CS|TAMS 0x00000000ee500000, 0x00000000ee500000| Complete 
| 230|0x00000000ee600000, 0x00000000ee700000, 0x00000000ee700000|100%| E|CS|TAMS 0x00000000ee600000, 0x00000000ee600000| Complete 
| 231|0x00000000ee700000, 0x00000000ee800000, 0x00000000ee800000|100%| E|CS|TAMS 0x00000000ee700000, 0x00000000ee700000| Complete 
| 232|0x00000000ee800000, 0x00000000ee900000, 0x00000000ee900000|100%| E|CS|TAMS 0x00000000ee800000, 0x00000000ee800000| Complete 
| 233|0x00000000ee900000, 0x00000000eea00000, 0x00000000eea00000|100%| E|CS|TAMS 0x00000000ee900000, 0x00000000ee900000| Complete 
| 234|0x00000000eea00000, 0x00000000eeb00000, 0x00000000eeb00000|100%| E|CS|TAMS 0x00000000eea00000, 0x00000000eea00000| Complete 
| 235|0x00000000eeb00000, 0x00000000eec00000, 0x00000000eec00000|100%| E|CS|TAMS 0x00000000eeb00000, 0x00000000eeb00000| Complete 
| 236|0x00000000eec00000, 0x00000000eed00000, 0x00000000eed00000|100%| E|CS|TAMS 0x00000000eec00000, 0x00000000eec00000| Complete 
| 237|0x00000000eed00000, 0x00000000eee00000, 0x00000000eee00000|100%| E|CS|TAMS 0x00000000eed00000, 0x00000000eed00000| Complete 
| 238|0x00000000eee00000, 0x00000000eef00000, 0x00000000eef00000|100%| E|CS|TAMS 0x00000000eee00000, 0x00000000eee00000| Complete 
| 239|0x00000000eef00000, 0x00000000ef000000, 0x00000000ef000000|100%| E|  |TAMS 0x00000000eef00000, 0x00000000eef00000| Complete 
| 240|0x00000000ef000000, 0x00000000ef100000, 0x00000000ef100000|100%| E|CS|TAMS 0x00000000ef000000, 0x00000000ef000000| Complete 
| 241|0x00000000ef100000, 0x00000000ef200000, 0x00000000ef200000|100%| E|CS|TAMS 0x00000000ef100000, 0x00000000ef100000| Complete 
| 242|0x00000000ef200000, 0x00000000ef300000, 0x00000000ef300000|100%| E|CS|TAMS 0x00000000ef200000, 0x00000000ef200000| Complete 
| 243|0x00000000ef300000, 0x00000000ef400000, 0x00000000ef400000|100%| E|CS|TAMS 0x00000000ef300000, 0x00000000ef300000| Complete 
| 244|0x00000000ef400000, 0x00000000ef500000, 0x00000000ef500000|100%| E|CS|TAMS 0x00000000ef400000, 0x00000000ef400000| Complete 
| 245|0x00000000ef500000, 0x00000000ef600000, 0x00000000ef600000|100%| E|CS|TAMS 0x00000000ef500000, 0x00000000ef500000| Complete 

Card table byte_map: [0x000002477e270000,0x000002477e370000] _byte_map_base: 0x000002477db70000

Marking Bits (Prev, Next): (CMBitMap*) 0x000002477dba0da0, (CMBitMap*) 0x000002477dba0de0
 Prev Bits: [0x000002477e470000, 0x000002477ec70000)
 Next Bits: [0x000002477ec70000, 0x000002477f470000)

Polling page: 0x000002477d320000

Metaspace:

Usage:
  Non-class:     13.03 MB used.
      Class:      1.44 MB used.
       Both:     14.47 MB used.

Virtual space:
  Non-class space:       64.00 MB reserved,      13.13 MB ( 21%) committed,  1 nodes.
      Class space:        1.00 GB reserved,       1.56 MB ( <1%) committed,  1 nodes.
             Both:        1.06 GB reserved,      14.69 MB (  1%) committed. 

Chunk freelists:
   Non-Class:  2.38 MB
       Class:  2.48 MB
        Both:  4.85 MB

MaxMetaspaceSize: unlimited
CompressedClassSpaceSize: 1.00 GB
Initial GC threshold: 21.00 MB
Current GC threshold: 21.00 MB
CDS: off
MetaspaceReclaimPolicy: balanced
 - commit_granule_bytes: 65536.
 - commit_granule_words: 8192.
 - virtual_space_node_default_size: 8388608.
 - enlarge_chunks_in_place: 1.
 - new_chunks_are_fully_committed: 0.
 - uncommit_free_chunks: 1.
 - use_allocation_guard: 0.


Internal statistics:

num_allocs_failed_limit: 0.
num_arena_births: 132.
num_arena_deaths: 0.
num_vsnodes_births: 2.
num_vsnodes_deaths: 0.
num_space_committed: 235.
num_space_uncommitted: 0.
num_chunks_returned_to_freelist: 0.
num_chunks_taken_from_freelist: 308.
num_chunk_merges: 0.
num_chunk_splits: 166.
num_chunks_enlarged: 99.
num_inconsistent_stats: 0.

CodeHeap 'non-profiled nmethods': size=120000Kb used=405Kb max_used=405Kb free=119594Kb
 bounds [0x000002470f960000, 0x000002470fbd0000, 0x0000024716e90000]
CodeHeap 'profiled nmethods': size=120000Kb used=2222Kb max_used=2222Kb free=117777Kb
 bounds [0x0000024707e90000, 0x0000024708100000, 0x000002470f3c0000]
CodeHeap 'non-nmethods': size=5760Kb used=1244Kb max_used=1265Kb free=4515Kb
 bounds [0x000002470f3c0000, 0x000002470f630000, 0x000002470f960000]
 total_blobs=1636 nmethods=1182 adapters=365
 compilation: enabled
              stopped_count=0, restarted_count=0
 full_count=0

Compilation events (20 events):
Event: 1.446 Thread 0x000002471d4cef30 1168   !   3       java.io.WinNTFileSystem::getBooleanAttributes (27 bytes)
Event: 1.446 Thread 0x000002471d4cef30 nmethod 1168 0x00000247080a0290 code [0x00000247080a0460, 0x00000247080a0678]
Event: 1.448 Thread 0x000002471d4cef30 1169       3       java.util.regex.Pattern::has (15 bytes)
Event: 1.448 Thread 0x000002471d4cef30 nmethod 1169 0x00000247080a0790 code [0x00000247080a0920, 0x00000247080a0a98]
Event: 1.450 Thread 0x000002471d4cef30 1170   !   3       java.lang.invoke.MethodHandle::setVarargs (25 bytes)
Event: 1.450 Thread 0x000002471d4cef30 nmethod 1170 0x00000247080a0b10 code [0x00000247080a0d20, 0x00000247080a13d8]
Event: 1.450 Thread 0x000002471d4cef30 1172       3       sun.invoke.util.VerifyAccess::isMemberAccessible (338 bytes)
Event: 1.451 Thread 0x000002471d4cef30 nmethod 1172 0x00000247080a1610 code [0x00000247080a19a0, 0x00000247080a2cb8]
Event: 1.451 Thread 0x000002471d4cef30 1171       3       java.lang.invoke.MemberName::isVarargs (23 bytes)
Event: 1.452 Thread 0x000002471d4cef30 nmethod 1171 0x00000247080a3210 code [0x00000247080a33e0, 0x00000247080a3878]
Event: 1.452 Thread 0x000002471d4abeb0 1173 %     4       sun.net.www.ParseUtil::firstEncodeIndex @ 7 (86 bytes)
Event: 1.454 Thread 0x000002471d693fd0 1175       4       jdk.internal.org.objectweb.asm.ByteVector::putShort (52 bytes)
Event: 1.455 Thread 0x000002471d693fd0 nmethod 1175 0x000002470f9c1790 code [0x000002470f9c1920, 0x000002470f9c1a58]
Event: 1.456 Thread 0x000002471d693fd0 1176   !   4       java.util.zip.ZipFile::getEntry (59 bytes)
Event: 1.456 Thread 0x000002471d4abeb0 nmethod 1173% 0x000002470f9c1b90 code [0x000002470f9c1d40, 0x000002470f9c1fc8]
Event: 1.456 Thread 0x000002471d4cef30 1177       3       sun.net.www.protocol.file.Handler::parseURL (18 bytes)
Event: 1.457 Thread 0x000002471d4cef30 nmethod 1177 0x00000247080a3a10 code [0x00000247080a3bc0, 0x00000247080a3d78]
Event: 1.457 Thread 0x000002471d4cef30 1178       3       java.net.URLStreamHandler::parseURL (1124 bytes)
Event: 1.457 Thread 0x000002471d4abeb0 1179       4       jdk.internal.org.objectweb.asm.SymbolTable::put (150 bytes)
Event: 1.461 Thread 0x000002471d4abeb0 nmethod 1179 0x000002470f9c2290 code [0x000002470f9c2420, 0x000002470f9c2738]

GC Heap History (0 events):
No events

Dll operation events (9 events):
Event: 0.005 Loaded shared library C:\Users\IL\.jdks\openjdk-19.0.1\bin\java.dll
Event: 0.053 Loaded shared library C:\Users\IL\.jdks\openjdk-19.0.1\bin\jsvml.dll
Event: 0.264 Loaded shared library C:\Users\IL\.jdks\openjdk-19.0.1\bin\net.dll
Event: 0.266 Loaded shared library C:\Users\IL\.jdks\openjdk-19.0.1\bin\nio.dll
Event: 0.495 Loaded shared library C:\Users\IL\.jdks\openjdk-19.0.1\bin\zip.dll
Event: 0.651 Loaded shared library C:\Users\IL\.jdks\openjdk-19.0.1\bin\verify.dll
Event: 0.665 Loaded shared library C:\Users\IL\.jdks\openjdk-19.0.1\bin\jimage.dll
Event: 1.157 Loaded shared library C:\Users\IL\.jdks\openjdk-19.0.1\bin\extnet.dll
Event: 1.270 Loaded shared library C:\Users\IL\.jdks\openjdk-19.0.1\bin\sunmscapi.dll

Deoptimization events (20 events):
Event: 1.244 Thread 0x000002477db6e3f0 DEOPT PACKING pc=0x000002470f9a4e58 sp=0x000000c4c08fc960
Event: 1.244 Thread 0x000002477db6e3f0 DEOPT UNPACKING pc=0x000002470f426da3 sp=0x000000c4c08fc8c8 mode 2
Event: 1.244 Thread 0x000002477db6e3f0 Uncommon trap: trap_request=0xffffffde fr.pc=0x000002470f9a4e58 relative=0x0000000000000298
Event: 1.244 Thread 0x000002477db6e3f0 Uncommon trap: reason=class_check action=maybe_recompile pc=0x000002470f9a4e58 method=java.util.HashMap.getNode(Ljava/lang/Object;)Ljava/util/HashMap$Node; @ 128 c2
Event: 1.244 Thread 0x000002477db6e3f0 DEOPT PACKING pc=0x000002470f9a4e58 sp=0x000000c4c08fc960
Event: 1.244 Thread 0x000002477db6e3f0 DEOPT UNPACKING pc=0x000002470f426da3 sp=0x000000c4c08fc8c8 mode 2
Event: 1.246 Thread 0x000002477db6e3f0 Uncommon trap: trap_request=0xffffffde fr.pc=0x000002470f9a4e58 relative=0x0000000000000298
Event: 1.246 Thread 0x000002477db6e3f0 Uncommon trap: reason=class_check action=maybe_recompile pc=0x000002470f9a4e58 method=java.util.HashMap.getNode(Ljava/lang/Object;)Ljava/util/HashMap$Node; @ 128 c2
Event: 1.246 Thread 0x000002477db6e3f0 DEOPT PACKING pc=0x000002470f9a4e58 sp=0x000000c4c08fc960
Event: 1.246 Thread 0x000002477db6e3f0 DEOPT UNPACKING pc=0x000002470f426da3 sp=0x000000c4c08fc8c8 mode 2
Event: 1.348 Thread 0x000002477db6e3f0 DEOPT PACKING pc=0x0000024707f21a3e sp=0x000000c4c08fa0b0
Event: 1.348 Thread 0x000002477db6e3f0 DEOPT UNPACKING pc=0x000002470f427543 sp=0x000000c4c08f9588 mode 0
Event: 1.351 Thread 0x000002477db6e3f0 Uncommon trap: trap_request=0xffffff45 fr.pc=0x000002470f99e868 relative=0x0000000000000cc8
Event: 1.351 Thread 0x000002477db6e3f0 Uncommon trap: reason=unstable_if action=reinterpret pc=0x000002470f99e868 method=java.util.concurrent.ConcurrentHashMap.putVal(Ljava/lang/Object;Ljava/lang/Object;Z)Ljava/lang/Object; @ 148 c2
Event: 1.351 Thread 0x000002477db6e3f0 DEOPT PACKING pc=0x000002470f99e868 sp=0x000000c4c08fa380
Event: 1.351 Thread 0x000002477db6e3f0 DEOPT UNPACKING pc=0x000002470f426da3 sp=0x000000c4c08fa300 mode 2
Event: 1.382 Thread 0x000002477db6e3f0 DEOPT PACKING pc=0x0000024707efb4e8 sp=0x000000c4c08fd680
Event: 1.382 Thread 0x000002477db6e3f0 DEOPT UNPACKING pc=0x000002470f427543 sp=0x000000c4c08fcb10 mode 0
Event: 1.441 Thread 0x000002477db6e3f0 DEOPT PACKING pc=0x0000024707eede65 sp=0x000000c4c08fd0a0
Event: 1.441 Thread 0x000002477db6e3f0 DEOPT UNPACKING pc=0x000002470f427543 sp=0x000000c4c08fc4f0 mode 0

Classes loaded (20 events):
Event: 1.431 Loading class java/util/stream/ForEachOps
Event: 1.431 Loading class java/util/stream/ForEachOps done
Event: 1.431 Loading class java/util/stream/ForEachOps$ForEachOp$OfRef
Event: 1.432 Loading class java/util/stream/ForEachOps$ForEachOp
Event: 1.432 Loading class java/util/stream/ForEachOps$ForEachOp done
Event: 1.432 Loading class java/util/stream/ForEachOps$ForEachOp$OfRef done
Event: 1.436 Loading class jdk/internal/foreign/MemorySessionImpl
Event: 1.436 Loading class java/lang/foreign/MemorySession
Event: 1.436 Loading class java/lang/foreign/SegmentAllocator
Event: 1.436 Loading class java/lang/foreign/SegmentAllocator done
Event: 1.436 Loading class java/lang/foreign/MemorySession done
Event: 1.437 Loading class jdk/internal/foreign/MemorySessionImpl done
Event: 1.442 Loading class java/net/URISyntaxException
Event: 1.442 Loading class java/net/URISyntaxException done
Event: 1.448 Loading class java/util/regex/Pattern$BnM
Event: 1.448 Loading class java/util/regex/Pattern$BnM done
Event: 1.448 Loading class java/util/regex/Pattern$SliceS
Event: 1.448 Loading class java/util/regex/Pattern$SliceS done
Event: 1.450 Loading class sun/invoke/util/VerifyAccess$1
Event: 1.450 Loading class sun/invoke/util/VerifyAccess$1 done

Classes unloaded (0 events):
No events

Classes redefined (0 events):
No events

Internal exceptions (20 events):
Event: 0.851 Thread 0x000002477db6e3f0 Exception <a 'java/lang/NoSuchMethodError'{0x00000000eed0ca60}: 'java.lang.Object java.lang.invoke.DirectMethodHandle$Holder.invokeStaticInit(java.lang.Object)'> (0x00000000eed0ca60) 
thrown [s\open\src\hotspot\share\interpreter\linkResolver.cpp, line 774]
Event: 0.878 Thread 0x000002477db6e3f0 Exception <a 'java/lang/NoSuchMethodError'{0x00000000eed66a70}: static Ljava/lang/Object;.<clinit>()V> (0x00000000eed66a70) 
thrown [s\open\src\hotspot\share\prims\jni.cpp, line 1107]
Event: 0.920 Thread 0x000002477db6e3f0 Exception <a 'java/lang/NoSuchMethodError'{0x00000000eedc2f60}: static Lorg/gradle/api/internal/tasks/testing/junitplatform/JUnitPlatformTestFramework$JUnitPlatformTestClassProcessorFactory;.<clinit>()V> (0x00000000eedc2f60) 
thrown [s\open\src\hotspot\share\prims\jni.cpp, line 1107]
Event: 0.923 Thread 0x000002477db6e3f0 Exception <a 'java/lang/NoSuchMethodError'{0x00000000eedcd410}: static Lorg/gradle/api/internal/tasks/testing/junit/AbstractJUnitSpec;.<clinit>()V> (0x00000000eedcd410) 
thrown [s\open\src\hotspot\share\prims\jni.cpp, line 1107]
Event: 0.925 Thread 0x000002477db6e3f0 Exception <a 'java/lang/NoSuchMethodError'{0x00000000eedd7e48}: static Lorg/gradle/api/internal/tasks/testing/junitplatform/JUnitPlatformSpec;.<clinit>()V> (0x00000000eedd7e48) 
thrown [s\open\src\hotspot\share\prims\jni.cpp, line 1107]
Event: 0.930 Thread 0x000002477db6e3f0 Exception <a 'java/lang/NoSuchMethodError'{0x00000000eeddff58}: 'long java.lang.invoke.DirectMethodHandle$Holder.invokeSpecial(java.lang.Object, java.lang.Object)'> (0x00000000eeddff58) 
thrown [s\open\src\hotspot\share\interpreter\linkResolver.cpp, line 774]
Event: 0.930 Thread 0x000002477db6e3f0 Exception <a 'java/lang/NoSuchMethodError'{0x00000000eede3718}: 'long java.lang.invoke.Invokers$Holder.invokeExact_MT(java.lang.Object, java.lang.Object)'> (0x00000000eede3718) 
thrown [s\open\src\hotspot\share\interpreter\linkResolver.cpp, line 774]
Event: 0.932 Thread 0x000002477db6e3f0 Exception <a 'java/lang/NoSuchMethodError'{0x00000000eedf01d8}: 'void java.lang.invoke.DirectMethodHandle$Holder.invokeSpecial(java.lang.Object, java.lang.Object, java.lang.Object)'> (0x00000000eedf01d8) 
thrown [s\open\src\hotspot\share\interpreter\linkResolver.cpp, line 774]
Event: 1.031 Thread 0x000002477db6e3f0 Exception <a 'java/lang/NoSuchMethodError'{0x00000000eebbacb0}: 'java.lang.Object java.lang.invoke.DirectMethodHandle$Holder.invokeVirtual(java.lang.Object, java.lang.Object, java.lang.Object, java.lang.Object, java.lang.Object, java.lang.Object, java.lang.Object)'> (0x00000000eebbacb0) 
thrown [s\open\src\hotspot\share\interpreter\linkResolver.cpp, line 774]
Event: 1.036 Thread 0x000002477db6e3f0 Exception <a 'java/lang/NoSuchMethodError'{0x00000000eebce9f8}: 'java.lang.Object java.lang.invoke.DirectMethodHandle$Holder.invokeStatic(java.lang.Object, java.lang.Object, int)'> (0x00000000eebce9f8) 
thrown [s\open\src\hotspot\share\interpreter\linkResolver.cpp, line 774]
Event: 1.037 Thread 0x000002477db6e3f0 Exception <a 'java/lang/NoSuchMethodError'{0x00000000eebda720}: 'void java.lang.invoke.DelegatingMethodHandle$Holder.delegate(java.lang.Object, java.lang.Object, int, java.lang.Object)'> (0x00000000eebda720) 
thrown [s\open\src\hotspot\share\interpreter\linkResolver.cpp, line 774]
Event: 1.038 Thread 0x000002477db6e3f0 Exception <a 'java/lang/NoSuchMethodError'{0x00000000eebde8e8}: 'int java.lang.invoke.DirectMethodHandle$Holder.invokeSpecial(java.lang.Object, java.lang.Object, java.lang.Object)'> (0x00000000eebde8e8) 
thrown [s\open\src\hotspot\share\interpreter\linkResolver.cpp, line 774]
Event: 1.053 Thread 0x000002477db6e3f0 Exception <a 'java/lang/NoSuchMethodError'{0x00000000eea4ee08}: 'java.lang.Object java.lang.invoke.DirectMethodHandle$Holder.invokeVirtual(java.lang.Object, java.lang.Object, java.lang.Object)'> (0x00000000eea4ee08) 
thrown [s\open\src\hotspot\share\interpreter\linkResolver.cpp, line 774]
Event: 1.143 Thread 0x000002477db6e3f0 Exception <a 'java/lang/NoSuchMethodError'{0x00000000ee9efe58}: 'java.lang.Object java.lang.invoke.DirectMethodHandle$Holder.invokeVirtual(java.lang.Object, java.lang.Object, java.lang.Object, java.lang.Object)'> (0x00000000ee9efe58) 
thrown [s\open\src\hotspot\share\interpreter\linkResolver.cpp, line 774]
Event: 1.145 Thread 0x000002477db6e3f0 Exception <a 'java/lang/NoSuchMethodError'{0x00000000ee800220}: 'java.lang.Object java.lang.invoke.Invokers$Holder.invokeExact_MT(java.lang.Object, java.lang.Object, java.lang.Object, java.lang.Object, java.lang.Object)'> (0x00000000ee800220) 
thrown [s\open\src\hotspot\share\interpreter\linkResolver.cpp, line 774]
Event: 1.199 Thread 0x000002477db6e3f0 Exception <a 'java/lang/NoSuchMethodError'{0x00000000ee72f658}: 'java.lang.Object java.lang.invoke.DirectMethodHandle$Holder.newInvokeSpecial(java.lang.Object, java.lang.Object, java.lang.Object, java.lang.Object, java.lang.Object)'> (0x00000000ee72f658) 
thrown [s\open\src\hotspot\share\interpreter\linkResolver.cpp, line 774]
Event: 1.229 Thread 0x000002477db6e3f0 Exception <a 'java/lang/NoSuchMethodError'{0x00000000ee627bf0}: 'java.lang.Object java.lang.invoke.DirectMethodHandle$Holder.invokeStaticInit(java.lang.Object, int, int, int, int)'> (0x00000000ee627bf0) 
thrown [s\open\src\hotspot\share\interpreter\linkResolver.cpp, line 774]
Event: 1.311 Thread 0x000002477db6e3f0 Exception <a 'java/lang/NoSuchMethodError'{0x00000000ee5592b8}: 'java.lang.Object java.lang.invoke.DirectMethodHandle$Holder.invokeStaticInit(java.lang.Object, java.lang.Object, int, int, int, int)'> (0x00000000ee5592b8) 
thrown [s\open\src\hotspot\share\interpreter\linkResolver.cpp, line 774]
Event: 1.335 Thread 0x000002471d64af10 Exception <a 'java/lang/NoSuchMethodError'{0x00000000ee7f0808}: 'void java.lang.invoke.DirectMethodHandle$Holder.invokeInterface(java.lang.Object, java.lang.Object)'> (0x00000000ee7f0808) 
thrown [s\open\src\hotspot\share\interpreter\linkResolver.cpp, line 774]
Event: 1.407 Thread 0x000002477db6e3f0 Exception <a 'java/lang/NoSuchMethodError'{0x00000000ee201590}: 'void java.lang.invoke.DirectMethodHandle$Holder.invokeStatic(java.lang.Object, java.lang.Object, java.lang.Object)'> (0x00000000ee201590) 
thrown [s\open\src\hotspot\share\interpreter\linkResolver.cpp, line 774]

VM Operations (20 events):
Event: 1.065 Executing VM operation: Cleanup
Event: 1.065 Executing VM operation: Cleanup done
Event: 1.112 Executing VM operation: HandshakeAllThreads
Event: 1.112 Executing VM operation: HandshakeAllThreads done
Event: 1.140 Executing VM operation: HandshakeAllThreads
Event: 1.140 Executing VM operation: HandshakeAllThreads done
Event: 1.220 Executing VM operation: HandshakeAllThreads
Event: 1.220 Executing VM operation: HandshakeAllThreads done
Event: 1.220 Executing VM operation: HandshakeAllThreads
Event: 1.220 Executing VM operation: HandshakeAllThreads done
Event: 1.242 Executing VM operation: HandshakeAllThreads
Event: 1.242 Executing VM operation: HandshakeAllThreads done
Event: 1.304 Executing VM operation: HandshakeAllThreads
Event: 1.304 Executing VM operation: HandshakeAllThreads done
Event: 1.332 Executing VM operation: HandshakeAllThreads
Event: 1.332 Executing VM operation: HandshakeAllThreads done
Event: 1.346 Executing VM operation: HandshakeAllThreads
Event: 1.346 Executing VM operation: HandshakeAllThreads done
Event: 1.377 Executing VM operation: HandshakeAllThreads
Event: 1.377 Executing VM operation: HandshakeAllThreads done

Events (17 events):
Event: 0.054 Thread 0x000002477db6e3f0 Thread added: 0x000002477db6e3f0
Event: 0.096 Thread 0x000002471d46d2c0 Thread added: 0x000002471d46d2c0
Event: 0.097 Thread 0x000002471d46e050 Thread added: 0x000002471d46e050
Event: 0.098 Thread 0x000002471d46f060 Thread added: 0x000002471d46f060
Event: 0.098 Thread 0x000002471d46ffa0 Thread added: 0x000002471d46ffa0
Event: 0.098 Thread 0x000002471d4aa030 Thread added: 0x000002471d4aa030
Event: 0.098 Thread 0x000002471d4aab00 Thread added: 0x000002471d4aab00
Event: 0.098 Thread 0x000002471d4abeb0 Thread added: 0x000002471d4abeb0
Event: 0.098 Thread 0x000002471d4cef30 Thread added: 0x000002471d4cef30
Event: 0.098 Thread 0x000002471d4d3cd0 Thread added: 0x000002471d4d3cd0
Event: 0.243 Thread 0x000002471d648f30 Thread added: 0x000002471d648f30
Event: 0.253 Thread 0x000002471d64a470 Thread added: 0x000002471d64a470
Event: 0.510 Thread 0x000002471d693fd0 Thread added: 0x000002471d693fd0
Event: 1.220 Thread 0x000002471d64af10 Thread added: 0x000002471d64af10
Event: 1.331 Thread 0x000002471d6499d0 Thread added: 0x000002471d6499d0
Event: 1.332 Thread 0x000002471d649f20 Thread added: 0x000002471d649f20
Event: 1.416 Thread 0x000002471e1a0960 Thread added: 0x000002471e1a0960


Dynamic libraries:
0x00007ff6e6310000 - 0x00007ff6e631e000 	C:\Users\IL\.jdks\openjdk-19.0.1\bin\java.exe
0x00007ffe5d1e0000 - 0x00007ffe5d3d0000 	C:\Windows\SYSTEM32\ntdll.dll
0x00007ffe5c320000 - 0x00007ffe5c3d2000 	C:\Windows\System32\KERNEL32.DLL
0x00007ffe5a4d0000 - 0x00007ffe5a773000 	C:\Windows\System32\KERNELBASE.dll
0x00007ffe5a170000 - 0x00007ffe5a26a000 	C:\Windows\System32\ucrtbase.dll
0x00007ffe4edb0000 - 0x00007ffe4edc7000 	C:\Users\IL\.jdks\openjdk-19.0.1\bin\jli.dll
0x00007ffe4eb30000 - 0x00007ffe4eb4b000 	C:\Users\IL\.jdks\openjdk-19.0.1\bin\VCRUNTIME140.dll
0x00007ffe5bb40000 - 0x00007ffe5bcd4000 	C:\Windows\System32\USER32.dll
0x00007ffe5a270000 - 0x00007ffe5a291000 	C:\Windows\System32\win32u.dll
0x00007ffe42850000 - 0x00007ffe42ad5000 	C:\Windows\WinSxS\amd64_microsoft.windows.common-controls_6595b64144ccf1df_6.0.18362.476_none_e6c4b11b130f2595\COMCTL32.dll
0x00007ffe5cc90000 - 0x00007ffe5ccb6000 	C:\Windows\System32\GDI32.dll
0x00007ffe5bd90000 - 0x00007ffe5be2e000 	C:\Windows\System32\msvcrt.dll
0x00007ffe5b020000 - 0x00007ffe5b1b4000 	C:\Windows\System32\gdi32full.dll
0x00007ffe5cd90000 - 0x00007ffe5d0c6000 	C:\Windows\System32\combase.dll
0x00007ffe5b1c0000 - 0x00007ffe5b25e000 	C:\Windows\System32\msvcp_win.dll
0x00007ffe5ca10000 - 0x00007ffe5cb30000 	C:\Windows\System32\RPCRT4.dll
0x00007ffe5a300000 - 0x00007ffe5a380000 	C:\Windows\System32\bcryptPrimitives.dll
0x00007ffe5bce0000 - 0x00007ffe5bd0e000 	C:\Windows\System32\IMM32.DLL
0x00007ffe4eb20000 - 0x00007ffe4eb2c000 	C:\Users\IL\.jdks\openjdk-19.0.1\bin\vcruntime140_1.dll
0x00007ffe3b1c0000 - 0x00007ffe3b24e000 	C:\Users\IL\.jdks\openjdk-19.0.1\bin\msvcp140.dll
0x00007ffe05870000 - 0x00007ffe06530000 	C:\Users\IL\.jdks\openjdk-19.0.1\bin\server\jvm.dll
0x00007ffe5c050000 - 0x00007ffe5c0f3000 	C:\Windows\System32\ADVAPI32.dll
0x00007ffe5ba30000 - 0x00007ffe5bac7000 	C:\Windows\System32\sechost.dll
0x00007ffe56560000 - 0x00007ffe56569000 	C:\Windows\SYSTEM32\WSOCK32.dll
0x00007ffe58f10000 - 0x00007ffe58f34000 	C:\Windows\SYSTEM32\WINMM.dll
0x00007ffe5c250000 - 0x00007ffe5c2bf000 	C:\Windows\System32\WS2_32.dll
0x00007ffe52600000 - 0x00007ffe5260a000 	C:\Windows\SYSTEM32\VERSION.dll
0x00007ffe58ee0000 - 0x00007ffe58f0d000 	C:\Windows\SYSTEM32\WINMMBASE.dll
0x00007ffe5a780000 - 0x00007ffe5a7ca000 	C:\Windows\System32\cfgmgr32.dll
0x00007ffe5a130000 - 0x00007ffe5a141000 	C:\Windows\System32\kernel.appcore.dll
0x00007ffe4e960000 - 0x00007ffe4e96a000 	C:\Users\IL\.jdks\openjdk-19.0.1\bin\jimage.dll
0x00007ffe51790000 - 0x00007ffe51984000 	C:\Windows\SYSTEM32\DBGHELP.DLL
0x00007ffe564d0000 - 0x00007ffe564fa000 	C:\Windows\SYSTEM32\dbgcore.DLL
0x00007ffe4e860000 - 0x00007ffe4e886000 	C:\Users\IL\.jdks\openjdk-19.0.1\bin\java.dll
0x00007ffe38b80000 - 0x00007ffe38c57000 	C:\Users\IL\.jdks\openjdk-19.0.1\bin\jsvml.dll
0x00007ffe5b290000 - 0x00007ffe5b975000 	C:\Windows\System32\SHELL32.dll
0x00007ffe5b980000 - 0x00007ffe5ba29000 	C:\Windows\System32\shcore.dll
0x00007ffe5a880000 - 0x00007ffe5affe000 	C:\Windows\System32\windows.storage.dll
0x00007ffe5a150000 - 0x00007ffe5a16f000 	C:\Windows\System32\profapi.dll
0x00007ffe5a0c0000 - 0x00007ffe5a10a000 	C:\Windows\System32\powrprof.dll
0x00007ffe5a0b0000 - 0x00007ffe5a0c0000 	C:\Windows\System32\UMPDC.dll
0x00007ffe5c9b0000 - 0x00007ffe5ca02000 	C:\Windows\System32\shlwapi.dll
0x00007ffe5b000000 - 0x00007ffe5b017000 	C:\Windows\System32\cryptsp.dll
0x00007ffe59aa0000 - 0x00007ffe59ab7000 	C:\Program Files\Common Files\Crypto Pro\AppCompat\cpadvai.dll
0x00007ffe4d140000 - 0x00007ffe4d153000 	C:\Users\IL\.jdks\openjdk-19.0.1\bin\net.dll
0x00007ffe4ca90000 - 0x00007ffe4cb80000 	C:\Windows\SYSTEM32\WINHTTP.dll
0x00007ffe59860000 - 0x00007ffe598c7000 	C:\Windows\system32\mswsock.dll
0x00007ffe4c7c0000 - 0x00007ffe4c7d6000 	C:\Users\IL\.jdks\openjdk-19.0.1\bin\nio.dll
0x00007ffe4b730000 - 0x00007ffe4b748000 	C:\Users\IL\.jdks\openjdk-19.0.1\bin\zip.dll
0x00007ffe4eab0000 - 0x00007ffe4eac0000 	C:\Users\IL\.jdks\openjdk-19.0.1\bin\verify.dll
0x00007ffe52690000 - 0x00007ffe52698000 	C:\Users\IL\.jdks\openjdk-19.0.1\bin\extnet.dll
0x00007ffe51b00000 - 0x00007ffe51b0e000 	C:\Users\IL\.jdks\openjdk-19.0.1\bin\sunmscapi.dll
0x00007ffe5a380000 - 0x00007ffe5a4c9000 	C:\Windows\System32\CRYPT32.dll
0x00007ffe5a110000 - 0x00007ffe5a122000 	C:\Windows\System32\MSASN1.dll
0x00007ffe59bc0000 - 0x00007ffe59be6000 	C:\Windows\SYSTEM32\ncrypt.dll
0x00007ffe5b260000 - 0x00007ffe5b286000 	C:\Windows\System32\bcrypt.dll
0x00007ffe59b80000 - 0x00007ffe59bbb000 	C:\Windows\SYSTEM32\NTASN1.dll
0x00007ffe59bf0000 - 0x00007ffe59c12000 	C:\Program Files\Common Files\Crypto Pro\AppCompat\cpcrypt.dll
0x00007ffe53130000 - 0x00007ffe53137000 	C:\Windows\system32\wshunix.dll
0x00007ffe593d0000 - 0x00007ffe59403000 	C:\Windows\system32\rsaenh.dll
0x00007ffe59fd0000 - 0x00007ffe59ff5000 	C:\Windows\SYSTEM32\USERENV.dll
0x00007ffe59ac0000 - 0x00007ffe59acc000 	C:\Windows\SYSTEM32\CRYPTBASE.dll
0x00007ffe59570000 - 0x00007ffe595aa000 	C:\Windows\SYSTEM32\IPHLPAPI.DLL
0x00007ffe5c920000 - 0x00007ffe5c928000 	C:\Windows\System32\NSI.dll
0x00007ffe4ed70000 - 0x00007ffe4ed86000 	C:\Windows\SYSTEM32\dhcpcsvc6.DLL
0x00007ffe4eef0000 - 0x00007ffe4ef0c000 	C:\Windows\SYSTEM32\dhcpcsvc.DLL
0x00007ffe595b0000 - 0x00007ffe5967a000 	C:\Windows\SYSTEM32\DNSAPI.dll

dbghelp: loaded successfully - version: 4.0.5 - missing functions: none
symbol engine: initialized successfully - sym options: 0x614 - pdb path: .;C:\Users\IL\.jdks\openjdk-19.0.1\bin;C:\Windows\SYSTEM32;C:\Windows\WinSxS\amd64_microsoft.windows.common-controls_6595b64144ccf1df_6.0.18362.476_none_e6c4b11b130f2595;C:\Users\IL\.jdks\openjdk-19.0.1\bin\server;C:\Program Files\Common Files\Crypto Pro\AppCompat

VM Arguments:
jvm_args: -Dorg.gradle.internal.worker.tmpdir=C:\Users\IL\IdeaProjects\exTaco1\build\tmp\test\work -Dorg.gradle.native=false -Xmx512m -Dfile.encoding=windows-1251 -Duser.country=RU -Duser.language=ru -Duser.variant -ea 
java_command: worker.org.gradle.process.internal.worker.GradleWorkerMain 'Gradle Test Executor 1'
java_class_path (initial): C:\\gradle\\gradle-4.5.1\\bin\\caches\\7.6\\workerMain\\gradle-worker.jar;C:\\Users\\IL\\IdeaProjects\\exTaco1\\build\\classes\\java\\test;C:\\Users\\IL\\IdeaProjects\\exTaco1\\build\\classes\\java\\main;C:\\Users\\IL\\IdeaProjects\\exTaco1\\build\\resources\\main;C:\\gradle\\gradle-4.5.1\\bin\\caches\\modules-2\\files-2.1\\org.springframework.boot\\spring-boot-starter-web\\3.0.2\\3f6a2cb4cb11bac3611f5a95e234589eb190dd29\\spring-boot-starter-web-3.0.2.jar;C:\\gradle\\gradle-4.5.1\\bin\\caches\\modules-2\\files-2.1\\org.springframework.boot\\spring-boot-starter-test\\3.0.2\\167ec01ebb1d4d5f955aa25e027fe25336116925\\spring-boot-starter-test-3.0.2.jar;C:\\gradle\\gradle-4.5.1\\bin\\caches\\modules-2\\files-2.1\\org.springframework.boot\\spring-boot-starter-json\\3.0.2\\11b9a2903af9014696d2576605bb73e8bca6ee19\\spring-boot-starter-json-3.0.2.jar;C:\\gradle\\gradle-4.5.1\\bin\\caches\\modules-2\\files-2.1\\org.springframework.boot\\spring-boot-starter\\3.0.2\\a9426629b5a83ad64fbe4e1d24081cccf4cdab14\\spring-boot-starter-3.0.2.jar;C:\\gradle\\gradle-4.5.1\\bin\\caches\\modules-2\\files-2.1\\org.thymeleaf\\thymeleaf-spring6\\3.1.1.RELEASE\\deb52ef921a4ac5132fedb7ebfc2bc1dad4382b3\\thymeleaf-spring6-3.1.1.RELEASE.jar;C:\\gradle\\gradle-4.5.1\\bin\\caches\\modules-2\\files-2.1\\org.thymeleaf\\thymeleaf\\3.1.1.RELEASE\\374a129dfa5e7d7f1a46eacc4d49e594ca0cf26f\\thymeleaf-3.1.1.RELEASE.jar;C:\\gradle\\gradle-4.5.1\\bin\\caches\\modules-2\\files-2.1\\org.springframework.boot\\spring-boot-test-autoconfigure\\3.0.2\\54b535d617cd5dce97b520f6224ef10a76b4a32a\\spring-boot-test-autoconfigure-3.0.2.jar;C:\\gradle\\gradle-4.5.1\\bin\\caches\\modules-2\\files-2.1\\org.springframework.boot\\spring-boot-autoconfigure\\3.0.2\\42ad589ec930e05a2ed702a4940955ff97b16a8c\\spring-boot-autoconfigure-3.0.2.jar;C:\\gradle\\gradle-4.5.1\\bin\\caches\\modules-2\\files-2.1\\org.springframework.boot\\spring-boot-test\\3.0.2\\b014e6596a04ce4aa374ca3cd6361489afab8680\\spring-boot-test-3.0.2.jar;C:\\gradle\\gradle-4.5.1\\bin\\caches\\modules-2\\files-2.1\\org.springframework.boot\\spring-boot\\3.0.2\\69d2e0a07f7df180a4aacdc47c47a3db656857dc\\spring-boot-3.0.2.jar;C:\\gradle\\gradle-4.5.1\\bin\\caches\\modules-2\\files-2.1\\org.springframework.boot\\spring-boot-starter-logging\\3.0.2\\1c5c71058a0297534d5c5f33a5d125bbbdb6a390\\spring-boot-starter-logging-3.0.2.jar;C:\\gradle\\gradle-4.5.1\\bin\\caches\\modules-2\\files-2.1\\org.springframework.boot\\spring-boot-starter-tomcat\\3.0.2\\4d50f0cdcb4b8f74221ae823dd77c18290473045\\spring-boot-starter-tomcat-3.0.2.jar;C:\\gradle\\gradle-4.5.1\\bin\\caches\\modules-2\\files-2.1\\jakarta.annotation\\jakarta.annotation-api\\2.1.1\\48b9bda22b091b1f48b13af03fe36db3be6e1ae3\\jakarta.annotation-api-2.1.1.jar;C:\\gradle\\gradle-4.5.1\\bin\\caches\\modules-2\\files-2.1\\org.springframework\\spring-webmvc\\6.0.4\\84ee8a9107480c92186ef8216ba0e1dca6ee1665\\spring-webmvc-6.0.4.jar;C:\\gradle\\gradle-4.5.1\\bin\\caches\\modules-2\\files-2.1\\org.springframework\\spring-web\\6.0.4\\de18e3e75a0e56534d9df5978bd2f43f950e1b4a\\spring-web-6.0.4.jar;C:\\gradle\\gradle-4.5.1\\bin\\caches\\modules-2\\files-2.1\\org.springframework\\spring-test\\6.0.4\\e8a07171dc49379f7091fdafd62d71c0ca5333a0\\spring-test-6.0.4.jar;C:\\gradle\\gradle-4.5.1\\bin\\caches\\modules-2\\files-2.1\\org.springframework\\spring-context\\6.0.4\\4fffcbb7eb4f1e9f1a4c9d3ca60098f7c063fc05\\spring-context-6.0.4.jar;C:\\gradle\\gradle-4.5.1\\bin\\caches\\modules-2\\files-2.1\\org.springframework\\spring-aop\\6.0.4\\c47b65c09a5a6fc41293b6aa981fcbe24a3adcd0\\spring-aop-6.0.4.jar;C:\\gradle\\gradle-4.5.1\\bin\\caches\\modules-2\\files-2.1\\org.springframework\\spring-beans\\6.0.4\\7d903607ecfcdefccd0d48aea8724632479b3e83\\spring-beans-6.0.4.jar;C:\\gradle\\gradle-4.5.1\\bin\\caches\\modules-2\\files-2.1\\org.springframework\\spring-expression\\6.0.4\\a908e6d3c46fcd6b58221d8427bbaf284bbbee0c\\spring-expression-6.0.4.jar;C:\\gradle\\gradle-4.5.1\\bin\\caches\\modules-2\\files-2.1\\org.springframework\\spring-core\\6.0.4\\8e24ad493887023cf5fac93541c72516f8ed9f6a\\spring-core-6.0.4.jar;C:\\gradle\\gradle-4.5.1\\bin\\caches\\modules-2\\files-2.1\\org.yaml\\snakeyaml\\1.33\\2cd0a87ff7df953f810c344bdf2fe3340b954c69\\snakeyaml-1.33.jar;C:\\gradle\\gradle-4.5.1\\bin\\caches\\modules-2\\files-2.1\\ognl\\ognl\\3.3.4\\1904789bdd96f226ad252a02f230be1015f4462b\\ognl-3.3.4.jar;C:\\gradle\\gradle-4.5.1\\bin\\caches\\modules-2\\files-2.1\\org.attoparser\\attoparser\\2.0.6.RELEASE\\8f603f22a18d4f7258f8860ccbb68b069f49904a\\attoparser-2.0.6.RELEASE.jar;C:\\gradle\\gradle-4.5.1\\bin\\caches\\modules-2\\files-2.1\\org.unbescape\\unbescape\\1.1.6.RELEASE\\7b90360afb2b860e09e8347112800d12c12b2a13\\unbescape-1.1.6.RELEASE.jar;C:\\gradle\\gradle-4.5.1\\bin\\caches\\modules-2\\files-2.1\\com.jayway.jsonpath\\json-path\\2.7.0\\f9d7d9659f2694e61142046ff8a216c047f263e8\\json-path-2.7.0.jar;C:\\gradle\\gradle-4.5.1\\bin\\caches\\modules-2\\files-2.1\\ch.qos.logback\\logback-classic\\1.4.5\\28e7dc0b208d6c3f15beefd73976e064b4ecfa9b\\logback-classic-1.4.5.jar;C:\\gradle\\gradle-4.5.1\\bin\\caches\\modules-2\\files-2.1\\org.apache.logging.log4j\\log4j-to-slf4j\\2.19.0\\30f4812e43172ecca5041da2cb6b965cc4777c19\\log4j-to-slf4j-2.19.0.jar;C:\\gradle\\gradle-4.5.1\\bin\\caches\\modules-2\\files-2.1\\org.slf4j\\jul-to-slf4j\\2.0.6\\c4d348977a83a0bfcf42fd6fd1fee6e7904f1a0c\\jul-to-slf4j-2.0.6.jar;C:\\gradle\\gradle-4.5.1\\bin\\caches\\modules-2\\files-2.1\\org.slf4j\\slf4j-api\\2.0.6\\88c40d8b4f33326f19a7d3c0aaf2c7e8721d4953\\slf4j-api-2.0.6.jar;C:\\gradle\\gradle-4.5.1\\bin\\caches\\modules-2\\files-2.1\\jakarta.xml.bind\\jakarta.xml.bind-api\\4.0.0\\bbb399208d288b15ec101fa4fcfc4bd77cedc97a\\jakarta.xml.bind-api-4.0.0.jar;C:\\gradle\\gradle-4.5.1\\bin\\caches\\modules-2\\files-2.1\\org.assertj\\assertj-core\\3.23.1\\d2bb60570f5b3d7ffa8f8000118c9c07b86eca93\\assertj-core-3.23.1.jar;C:\\gradle\\gradle-4.5.1\\bin\\caches\\modules-2\\files-2.1\\org.hamcrest\\hamcrest\\2.2\\1820c0968dba3a11a1b30669bb1f01978a91dedc\\hamcrest-2.2.jar;C:\\gradle\\gradle-4.5.1\\bin\\caches\\modules-2\\files-2.1\\org.mockito\\mockito-junit-jupiter\\4.8.1\\e393aa62eca2244a535b03842843f2f199343d1f\\mockito-junit-jupiter-4.8.1.jar;C:\\gradle\\gradle-4.5.1\\bin\\caches\\modules-2\\files-2.1\\org.junit.jupiter\\junit-jupiter-params\\5.9.2\\bc2765afb7b85b583c710dd259a11c6b8c39e912\\junit-jupiter-params-5.9.2.jar;C:\\gradle\\gradle-4.5.1\\bin\\caches\\modules-2\\files-2.1\\org.junit.jupiter\\junit-jupiter-engine\\5.9.2\\572f7a553b53f83ee59cc045ce1c3772864ab76c\\junit-jupiter-engine-5.9.2.jar;C:\\gradle\\gradle-4.5.1\\bin\\caches\\modules-2\\files-2.1\\org.junit.jupiter\\junit-jupiter-api\\5.9.2\\fed843581520eac594bc36bb4b0f55e7b947dda9\\junit-jupiter-api-5.9.2.jar;C:\\gradle\\gradle-4.5.1\\bin\\caches\\modules-2\\files-2.1\\org.junit.platform\\junit-platform-engine\\1.9.2\\40aeef2be7b04f96bb91e8b054affc28b7c7c935\\junit-platform-engine-1.9.2.jar;C:\\gradle\\gradle-4.5.1\\bin\\caches\\modules-2\\files-2.1\\org.junit.platform\\junit-platform-commons\\1.9.2\\6f9f8621d8230cd38aa42e58ccbc0c00569131ce\\junit-platform-commons-1.9.2.jar;C:\\gradle\\gradle-4.5.1\\bin\\caches\\modules-2\\files-2.1\\org.junit.jupiter\\junit-jupiter\\5.9.2\\26c586fbe0ebd81b48c9f11f0d998124248697ae\\junit-jupiter-5.9.2.jar;C:\\gradle\\gradle-4.5.1\\bin\\caches\\modules-2\\files-2.1\\org.mockito\\mockito-core\\4.8.1\\d8eb9dec8747d08645347bb8c69088ac83197975\\mockito-core-4.8.1.jar;C:\\gradle\\gradle-4.5.1\\bin\\caches\\modules-2\\files-2.1\\org.skyscreamer\\jsonassert\\1.5.1\\6d842d0faf4cf6725c509a5e5347d319ee0431c3\\jsonassert-1.5.1.jar;C:\\gradle\\gradle-4.5.1\\bin\\caches\\modules-2\\files-2.1\\org.xmlunit\\xmlunit-core\\2.9.1\\e5833662d9a1279a37da3ef6f62a1da29fcd68c4\\xmlunit-core-2.9.1.jar;C:\\gradle\\gradle-4.5.1\\bin\\caches\\modules-2\\files-2.1\\org.springframework\\spring-jcl\\6.0.4\\2d6523d00fc40cdb2c2f409113447940d2c872b5\\spring-jcl-6.0.4.jar;C:\\gradle\\gradle-4.5.1\\bin\\caches\\modules-2\\files-2.1\\org.javassist\\javassist\\3.29.0-GA\\d3959fa7e00bf04dbe519228a23213d2afb625d8\\javassist-3.29.0-GA.jar;C:\\gradle\\gradle-4.5.1\\bin\\caches\\modules-2\\files-2.1\\com.fasterxml.jackson.datatype\\jackson-datatype-jsr310\\2.14.1\\f24e8cb1437e05149b7a3049ebd6700f42e664b1\\jackson-datatype-jsr310-2.14.1.jar;C:\\gradle\\gradle-4.5.1\\bin\\caches\\modules-2\\files-2.1\\com.fasterxml.jackson.module\\jackson-module-parameter-names\\2.14.1\\2e05a86dba3d4b05074b6a313c4d5b7ff844c8dd\\jackson-module-parameter-names-2.14.1.jar;C:\\gradle\\gradle-4.5.1\\bin\\caches\\modules-2\\files-2.1\\com.fasterxml.jackson.core\\jackson-annotations\\2.14.1\\2a6ad504d591a7903ffdec76b5b7252819a2d162\\jackson-annotations-2.14.1.jar;C:\\gradle\\gradle-4.5.1\\bin\\caches\\modules-2\\files-2.1\\com.fasterxml.jackson.core\\jackson-core\\2.14.1\\7a07bc535ccf0b7f6929c4d0f2ab9b294ef7c4a3\\jackson-core-2.14.1.jar;C:\\gradle\\gradle-4.5.1\\bin\\caches\\modules-2\\files-2.1\\com.fasterxml.jackson.datatype\\jackson-datatype-jdk8\\2.14.1\\da194197d187bf24a8699514344ebf0abd7c342a\\jackson-datatype-jdk8-2.14.1.jar;C:\\gradle\\gradle-4.5.1\\bin\\caches\\modules-2\\files-2.1\\com.fasterxml.jackson.core\\jackson-databind\\2.14.1\\268524b9056cae1211b9f1f52560ef19347f4d17\\jackson-databind-2.14.1.jar;C:\\gradle\\gradle-4.5.1\\bin\\caches\\modules-2\\files-2.1\\org.apache.tomcat.embed\\tomcat-embed-websocket\\10.1.5\\14529cbd593571dc9029272ddc9166b5ef113fc2\\tomcat-embed-websocket-10.1.5.jar;C:\\gradle\\gradle-4.5.1\\bin\\caches\\modules-2\\files-2.1\\org.apache.tomcat.embed\\tomcat-embed-core\\10.1.5\\21417d3ef8189e2af05aae0a765ad9204d7211b5\\tomcat-embed-core-10.1.5.jar;C:\\gradle\\gradle-4.5.1\\bin\\caches\\modules-2\\files-2.1\\org.apache.tomcat.embed\\tomcat-embed-el\\10.1.5\\c125df13af42a0fc0cd342370449b1276181e2a1\\tomcat-embed-el-10.1.5.jar;C:\\gradle\\gradle-4.5.1\\bin\\caches\\modules-2\\files-2.1\\io.micrometer\\micrometer-observation\\1.10.3\\32cc59dc8b5f00fba9fa88b7139898b0f7905db7\\micrometer-observation-1.10.3.jar;C:\\gradle\\gradle-4.5.1\\bin\\caches\\modules-2\\files-2.1\\net.minidev\\json-smart\\2.4.8\\7c62f5f72ab05eb54d40e2abf0360a2fe9ea477f\\json-smart-2.4.8.jar;C:\\gradle\\gradle-4.5.1\\bin\\caches\\modules-2\\files-2.1\\jakarta.activation\\jakarta.activation-api\\2.1.1\\88c774ab863a21fb2fc4219af95379fafe499a31\\jakarta.activation-api-2.1.1.jar;C:\\gradle\\gradle-4.5.1\\bin\\caches\\modules-2\\files-2.1\\net.bytebuddy\\byte-buddy\\1.12.22\\984e536b4f3fb668b21f15b90c1e8704292d4bdd\\byte-buddy-1.12.22.jar;C:\\gradle\\gradle-4.5.1\\bin\\caches\\modules-2\\files-2.1\\net.bytebuddy\\byte-buddy-agent\\1.12.22\\9c4127080df12304336ca90c2ef3f8b7d72915c1\\byte-buddy-agent-1.12.22.jar;C:\\gradle\\gradle-4.5.1\\bin\\caches\\modules-2\\files-2.1\\org.objenesis\\objenesis\\3.2\\7fadf57620c8b8abdf7519533e5527367cb51f09\\objenesis-3.2.jar;C:\\gradle\\gradle-4.5.1\\bin\\caches\\modules-2\\files-2.1\\com.vaadin.external.google\\android-json\\0.0.20131108.vaadin1\\fa26d351fe62a6a17f5cda1287c1c6110dec413f\\android-json-0.0.20131108.vaadin1.jar;C:\\gradle\\gradle-4.5.1\\bin\\caches\\modules-2\\files-2.1\\ch.qos.logback\\logback-core\\1.4.5\\e9bb2ea70f84401314da4300343b0a246c8954da\\logback-core-1.4.5.jar;C:\\gradle\\gradle-4.5.1\\bin\\caches\\modules-2\\files-2.1\\org.apache.logging.log4j\\log4j-api\\2.19.0\\ea1b37f38c327596b216542bc636cfdc0b8036fa\\log4j-api-2.19.0.jar;C:\\gradle\\gradle-4.5.1\\bin\\caches\\modules-2\\files-2.1\\io.micrometer\\micrometer-commons\\1.10.3\\334080a1a6b849d09d3ef96d7b243fc3c16b2e5a\\micrometer-commons-1.10.3.jar;C:\\gradle\\gradle-4.5.1\\bin\\caches\\modules-2\\files-2.1\\net.minidev\\accessors-smart\\2.4.8\\6e1bee5a530caba91893604d6ab41d0edcecca9a\\accessors-smart-2.4.8.jar;C:\\gradle\\gradle-4.5.1\\bin\\caches\\modules-2\\files-2.1\\org.opentest4j\\opentest4j\\1.2.0\\28c11eb91f9b6d8e200631d46e20a7f407f2a046\\opentest4j-1.2.0.jar;C:\\gradle\\gradle-4.5.1\\bin\\caches\\modules-2\\files-2.1\\org.ow2.asm\\asm\\9.1\\a99500cf6eea30535eeac6be73899d048f8d12a8\\asm-9.1.jar
Launcher Type: SUN_STANDARD

[Global flags]
     intx CICompilerCount                          = 4                                         {product} {ergonomic}
     uint ConcGCThreads                            = 3                                         {product} {ergonomic}
     uint G1ConcRefinementThreads                  = 10                                        {product} {ergonomic}
   size_t G1HeapRegionSize                         = 1048576                                   {product} {ergonomic}
    uintx GCDrainStackTargetSize                   = 64                                        {product} {ergonomic}
   size_t InitialHeapSize                          = 257949696                                 {product} {ergonomic}
   size_t MarkStackSize                            = 4194304                                   {product} {ergonomic}
   size_t MaxHeapSize                              = 536870912                                 {product} {command line}
   size_t MaxNewSize                               = 321912832                                 {product} {ergonomic}
   size_t MinHeapDeltaBytes                        = 1048576                                   {product} {ergonomic}
   size_t MinHeapSize                              = 8388608                                   {product} {ergonomic}
    uintx NonNMethodCodeHeapSize                   = 5839372                                {pd product} {ergonomic}
    uintx NonProfiledCodeHeapSize                  = 122909434                              {pd product} {ergonomic}
    uintx ProfiledCodeHeapSize                     = 122909434                              {pd product} {ergonomic}
    uintx ReservedCodeCacheSize                    = 251658240                              {pd product} {ergonomic}
     bool SegmentedCodeCache                       = true                                      {product} {ergonomic}
   size_t SoftMaxHeapSize                          = 536870912                              {manageable} {ergonomic}
     bool UseCompressedClassPointers               = true                           {product lp64_product} {ergonomic}
     bool UseCompressedOops                        = true                           {product lp64_product} {ergonomic}
     bool UseG1GC                                  = true                                      {product} {ergonomic}
     bool UseLargePagesIndividualAllocation        = false                                  {pd product} {ergonomic}

Logging:
Log output configuration:
 #0: stdout all=warning uptime,level,tags foldmultilines=false
 #1: stderr all=off uptime,level,tags foldmultilines=false

Environment Variables:
PATH=C:\Windows\system32;C:\Windows;C:\Windows\System32\Wbem;C:\Windows\System32\WindowsPowerShell\v1.0\;C:\Windows\System32\OpenSSH\;C:\Program Files\Git\cmd;C:\java\jdk1.8.0_162\bin;C:\gradle\gradle-4.5.1\bin;C:\allure\allure-2.19.0\bin;;C:\Program Files\JMeter\bin;\bin;C:\Users\IL\AppData\Local\Microsoft\WindowsApps;C:\Program Files\JetBrains\IntelliJ IDEA Community Edition 2022.2.3\bin;;C:\java\jdk1.8.0_162\bin;C:\gradle\gradle-4.5.1\bin;C:\allure\allure-2.19.0\bin;
USERNAME=IL
OS=Windows_NT
PROCESSOR_IDENTIFIER=AMD64 Family 23 Model 96 Stepping 1, AuthenticAMD
TMP=C:\Users\IL\AppData\Local\Temp
TEMP=C:\Users\IL\AppData\Local\Temp



---------------  S Y S T E M  ---------------

OS:
 Windows 10 , 64 bit Build 18362 (10.0.18362.329)
OS uptime: 1 days 11:24 hours

CPU: total 12 (initial active 12) (12 cores per cpu, 2 threads per core) family 23 model 96 stepping 1 microcode 0x0, cx8, cmov, fxsr, ht, mmx, 3dnowpref, sse, sse2, sse3, ssse3, sse4a, sse4.1, sse4.2, popcnt, lzcnt, tsc, tscinvbit, avx, avx2, aes, clmul, bmi1, bmi2, adx, sha, fma, vzeroupper, clflush, clflushopt, rdtscp, rdpid

Memory: 4k page, system-wide physical 15741M (2945M free)
TotalPageFile size 17789M (AvailPageFile size 4M)
current process WorkingSet (physical memory assigned to process): 75M, peak: 75M
current process commit charge ("private bytes"): 356M, peak: 356M

vm_info: OpenJDK 64-Bit Server VM (19.0.1+10-21) for windows-amd64 JRE (19.0.1+10-21), built on 2022-09-14T12:45:06Z by "mach5one" with MS VC++ 17.1 (VS2022)

END.
